TN:
SF:controllers\addressController.js
FN:1,(anonymous_0)
FN:14,(anonymous_1)
FN:40,(anonymous_2)
FN:60,(anonymous_3)
FN:97,(anonymous_4)
FN:144,(anonymous_5)
FN:188,(anonymous_6)
FNF:7
FNH:3
FNDA:0,(anonymous_0)
FNDA:0,(anonymous_1)
FNDA:0,(anonymous_2)
FNDA:2,(anonymous_3)
FNDA:1,(anonymous_4)
FNDA:1,(anonymous_5)
FNDA:0,(anonymous_6)
DA:1,1
DA:2,0
DA:3,0
DA:4,0
DA:6,0
DA:7,0
DA:9,0
DA:10,0
DA:14,1
DA:15,0
DA:16,0
DA:17,0
DA:18,0
DA:20,0
DA:22,0
DA:23,0
DA:29,0
DA:30,0
DA:33,0
DA:35,0
DA:36,0
DA:40,1
DA:41,0
DA:42,0
DA:43,0
DA:45,0
DA:47,0
DA:48,0
DA:53,0
DA:55,0
DA:56,0
DA:60,1
DA:61,2
DA:62,2
DA:63,2
DA:64,2
DA:70,2
DA:71,2
DA:72,1
DA:79,1
DA:80,1
DA:81,1
DA:84,1
DA:86,1
DA:92,0
DA:93,0
DA:97,1
DA:98,1
DA:99,1
DA:100,1
DA:101,1
DA:102,1
DA:105,1
DA:106,1
DA:107,0
DA:112,1
DA:113,1
DA:117,0
DA:118,0
DA:119,0
DA:120,0
DA:126,0
DA:128,0
DA:129,0
DA:134,0
DA:139,0
DA:140,0
DA:144,1
DA:145,1
DA:146,1
DA:147,1
DA:148,1
DA:151,1
DA:152,1
DA:153,0
DA:158,1
DA:159,0
DA:162,1
DA:164,1
DA:165,0
DA:171,1
DA:172,1
DA:173,1
DA:174,1
DA:178,1
DA:183,0
DA:184,0
DA:188,1
DA:189,0
DA:190,0
DA:191,0
DA:192,0
DA:195,0
DA:196,0
DA:197,0
DA:202,0
DA:203,0
DA:206,0
DA:208,0
DA:209,0
DA:214,0
DA:219,0
DA:220,0
DA:224,1
LF:104
LH:43
BRDA:22,0,0,0
BRDA:22,0,1,0
BRDA:29,1,0,0
BRDA:29,1,1,0
BRDA:47,2,0,0
BRDA:47,2,1,0
BRDA:71,3,0,1
BRDA:71,3,1,1
BRDA:80,4,0,1
BRDA:80,4,1,0
BRDA:106,5,0,0
BRDA:106,5,1,1
BRDA:112,6,0,1
BRDA:112,6,1,0
BRDA:119,7,0,0
BRDA:119,7,1,0
BRDA:128,8,0,0
BRDA:128,8,1,0
BRDA:152,9,0,0
BRDA:152,9,1,1
BRDA:158,10,0,0
BRDA:158,10,1,1
BRDA:164,11,0,0
BRDA:164,11,1,1
BRDA:171,12,0,1
BRDA:171,12,1,0
BRDA:173,13,0,1
BRDA:173,13,1,0
BRDA:196,14,0,0
BRDA:196,14,1,0
BRDA:202,15,0,0
BRDA:202,15,1,0
BRDA:208,16,0,0
BRDA:208,16,1,0
BRF:34
BRH:10
end_of_record
TN:
SF:controllers\adminFinanceController.js
FN:7,(anonymous_0)
FN:12,(anonymous_1)
FN:67,(anonymous_2)
FN:90,(anonymous_3)
FN:96,(anonymous_4)
FN:158,(anonymous_5)
FN:172,(anonymous_6)
FN:177,(anonymous_7)
FN:237,(anonymous_8)
FNF:9
FNH:0
FNDA:0,(anonymous_0)
FNDA:0,(anonymous_1)
FNDA:0,(anonymous_2)
FNDA:0,(anonymous_3)
FNDA:0,(anonymous_4)
FNDA:0,(anonymous_5)
FNDA:0,(anonymous_6)
FNDA:0,(anonymous_7)
FNDA:0,(anonymous_8)
DA:7,0
DA:8,0
DA:9,0
DA:10,0
DA:12,0
DA:15,0
DA:50,0
DA:55,0
DA:56,0
DA:57,0
DA:58,0
DA:60,0
DA:67,0
DA:76,0
DA:77,0
DA:90,0
DA:91,0
DA:92,0
DA:93,0
DA:94,0
DA:95,0
DA:96,0
DA:98,0
DA:140,0
DA:148,0
DA:158,0
DA:167,0
DA:168,0
DA:172,0
DA:173,0
DA:174,0
DA:175,0
DA:176,0
DA:177,0
DA:178,0
DA:179,0
DA:180,0
DA:182,0
DA:186,0
DA:187,0
DA:188,0
DA:189,0
DA:192,0
DA:216,0
DA:217,0
DA:219,0
DA:229,0
DA:230,0
DA:237,0
DA:238,0
DA:239,0
DA:240,0
DA:241,0
DA:242,0
DA:243,0
DA:244,0
DA:245,0
DA:246,0
DA:248,0
DA:249,0
DA:250,0
DA:251,0
DA:252,0
DA:255,0
DA:278,0
DA:285,0
DA:290,0
DA:291,0
DA:297,0
DA:298,0
LF:70
LH:0
BRDA:55,0,0,0
BRDA:55,0,1,0
BRDA:56,1,0,0
BRDA:56,1,1,0
BRDA:57,2,0,0
BRDA:57,2,1,0
BRDA:58,3,0,0
BRDA:58,3,1,0
BRDA:94,4,0,0
BRDA:94,4,1,0
BRDA:140,5,0,0
BRDA:140,5,1,0
BRDA:153,6,0,0
BRDA:153,6,1,0
BRDA:154,7,0,0
BRDA:154,7,1,0
BRDA:155,8,0,0
BRDA:155,8,1,0
BRDA:156,9,0,0
BRDA:156,9,1,0
BRDA:157,10,0,0
BRDA:157,10,1,0
BRDA:160,11,0,0
BRDA:160,11,1,0
BRDA:161,12,0,0
BRDA:161,12,1,0
BRDA:162,13,0,0
BRDA:162,13,1,0
BRDA:180,14,0,0
BRDA:180,14,1,0
BRDA:186,15,0,0
BRDA:186,15,1,0
BRDA:186,16,0,0
BRDA:186,16,1,0
BRDA:188,17,0,0
BRDA:188,17,1,0
BRDA:189,18,0,0
BRDA:189,18,1,0
BRDA:217,19,0,0
BRDA:217,19,1,0
BRDA:241,20,0,0
BRDA:241,21,0,0
BRDA:246,22,0,0
BRDA:246,22,1,0
BRDA:249,23,0,0
BRDA:249,23,1,0
BRDA:249,24,0,0
BRDA:249,24,1,0
BRDA:251,25,0,0
BRDA:251,25,1,0
BRDA:252,26,0,0
BRDA:252,26,1,0
BRDA:290,27,0,0
BRDA:290,27,1,0
BRF:54
BRH:0
end_of_record
TN:
SF:controllers\adminPayoutController.js
FN:7,(anonymous_0)
FN:28,(anonymous_1)
FN:30,(anonymous_2)
FN:38,(anonymous_3)
FN:57,(anonymous_4)
FN:63,(anonymous_5)
FN:102,(anonymous_6)
FN:155,(anonymous_7)
FN:171,(anonymous_8)
FN:200,(anonymous_9)
FN:238,(anonymous_10)
FN:290,(anonymous_11)
FN:340,(anonymous_12)
FN:355,(anonymous_13)
FN:392,(anonymous_14)
FN:428,(anonymous_15)
FN:457,(anonymous_16)
FN:458,(anonymous_17)
FN:487,(anonymous_18)
FN:505,(anonymous_19)
FN:541,(anonymous_20)
FN:549,(anonymous_21)
FN:553,(anonymous_22)
FN:582,(anonymous_23)
FN:666,(anonymous_24)
FN:684,(anonymous_25)
FN:711,(anonymous_26)
FN:767,(anonymous_27)
FN:822,(anonymous_28)
FNF:29
FNH:0
FNDA:0,(anonymous_0)
FNDA:0,(anonymous_1)
FNDA:0,(anonymous_2)
FNDA:0,(anonymous_3)
FNDA:0,(anonymous_4)
FNDA:0,(anonymous_5)
FNDA:0,(anonymous_6)
FNDA:0,(anonymous_7)
FNDA:0,(anonymous_8)
FNDA:0,(anonymous_9)
FNDA:0,(anonymous_10)
FNDA:0,(anonymous_11)
FNDA:0,(anonymous_12)
FNDA:0,(anonymous_13)
FNDA:0,(anonymous_14)
FNDA:0,(anonymous_15)
FNDA:0,(anonymous_16)
FNDA:0,(anonymous_17)
FNDA:0,(anonymous_18)
FNDA:0,(anonymous_19)
FNDA:0,(anonymous_20)
FNDA:0,(anonymous_21)
FNDA:0,(anonymous_22)
FNDA:0,(anonymous_23)
FNDA:0,(anonymous_24)
FNDA:0,(anonymous_25)
FNDA:0,(anonymous_26)
FNDA:0,(anonymous_27)
FNDA:0,(anonymous_28)
DA:1,0
DA:7,0
DA:8,0
DA:9,0
DA:10,0
DA:11,0
DA:12,0
DA:13,0
DA:14,0
DA:17,0
DA:24,0
DA:25,0
DA:26,0
DA:28,0
DA:29,0
DA:31,0
DA:36,0
DA:37,0
DA:38,0
DA:39,0
DA:40,0
DA:41,0
DA:44,0
DA:54,0
DA:57,0
DA:60,0
DA:63,0
DA:66,0
DA:67,0
DA:70,0
DA:75,0
DA:91,0
DA:92,0
DA:102,0
DA:103,0
DA:104,0
DA:105,0
DA:107,0
DA:108,0
DA:114,0
DA:115,0
DA:118,0
DA:119,0
DA:120,0
DA:127,0
DA:138,0
DA:144,0
DA:145,0
DA:155,0
DA:156,0
DA:157,0
DA:158,0
DA:160,0
DA:161,0
DA:162,0
DA:163,0
DA:164,0
DA:166,0
DA:169,0
DA:170,0
DA:172,0
DA:173,0
DA:181,0
DA:189,0
DA:190,0
DA:200,0
DA:201,0
DA:202,0
DA:203,0
DA:204,0
DA:206,0
DA:207,0
DA:208,0
DA:215,0
DA:217,0
DA:227,0
DA:228,0
DA:238,0
DA:239,0
DA:240,0
DA:241,0
DA:243,0
DA:245,0
DA:246,0
DA:247,0
DA:253,0
DA:254,0
DA:261,0
DA:274,0
DA:279,0
DA:280,0
DA:290,0
DA:291,0
DA:292,0
DA:293,0
DA:295,0
DA:297,0
DA:298,0
DA:299,0
DA:305,0
DA:306,0
DA:312,0
DA:324,0
DA:329,0
DA:330,0
DA:340,0
DA:341,0
DA:342,0
DA:344,0
DA:346,0
DA:355,0
DA:356,0
DA:357,0
DA:358,0
DA:359,0
DA:360,0
DA:361,0
DA:362,0
DA:363,0
DA:364,0
DA:368,0
DA:381,0
DA:382,0
DA:392,0
DA:393,0
DA:394,0
DA:396,0
DA:397,0
DA:403,0
DA:405,0
DA:411,0
DA:416,0
DA:417,0
DA:428,0
DA:429,0
DA:430,0
DA:431,0
DA:432,0
DA:435,0
DA:436,0
DA:437,0
DA:439,0
DA:442,0
DA:452,0
DA:455,0
DA:457,0
DA:458,0
DA:459,0
DA:466,0
DA:468,0
DA:469,0
DA:478,0
DA:479,0
DA:480,0
DA:486,0
DA:488,0
DA:489,0
DA:492,0
DA:495,0
DA:504,0
DA:505,0
DA:510,0
DA:511,0
DA:517,0
DA:522,0
DA:541,0
DA:549,0
DA:552,0
DA:553,0
DA:557,0
DA:559,0
DA:570,0
DA:571,0
DA:582,0
DA:583,0
DA:584,0
DA:586,0
DA:587,0
DA:593,0
DA:594,0
DA:596,0
DA:597,0
DA:599,0
DA:600,0
DA:601,0
DA:603,0
DA:604,0
DA:608,0
DA:612,0
DA:613,0
DA:614,0
DA:618,0
DA:622,0
DA:633,0
DA:635,0
DA:636,0
DA:643,0
DA:654,0
DA:655,0
DA:666,0
DA:667,0
DA:668,0
DA:669,0
DA:670,0
DA:672,0
DA:673,0
DA:674,0
DA:677,0
DA:683,0
DA:685,0
DA:686,0
DA:695,0
DA:700,0
DA:701,0
DA:711,0
DA:712,0
DA:713,0
DA:714,0
DA:716,0
DA:718,0
DA:719,0
DA:720,0
DA:726,0
DA:727,0
DA:733,0
DA:734,0
DA:741,0
DA:744,0
DA:745,0
DA:751,0
DA:756,0
DA:757,0
DA:767,0
DA:768,0
DA:769,0
DA:770,0
DA:772,0
DA:773,0
DA:779,0
DA:781,0
DA:782,0
DA:783,0
DA:789,0
DA:790,0
DA:796,0
DA:797,0
DA:804,0
DA:806,0
DA:811,0
DA:812,0
DA:822,0
DA:823,0
DA:824,0
DA:825,0
DA:827,0
DA:829,0
DA:830,0
DA:831,0
DA:837,0
DA:838,0
DA:845,0
DA:858,0
DA:863,0
DA:864,0
LF:264
LH:0
BRDA:14,0,0,0
BRDA:14,0,1,0
BRDA:31,1,0,0
BRDA:31,1,1,0
BRDA:31,1,2,0
BRDA:36,2,0,0
BRDA:36,2,1,0
BRDA:39,3,0,0
BRDA:39,3,1,0
BRDA:40,4,0,0
BRDA:40,4,1,0
BRDA:57,5,0,0
BRDA:57,5,1,0
BRDA:63,6,0,0
BRDA:63,6,1,0
BRDA:67,7,0,0
BRDA:67,7,1,0
BRDA:107,8,0,0
BRDA:107,8,1,0
BRDA:107,9,0,0
BRDA:107,9,1,0
BRDA:119,10,0,0
BRDA:119,10,1,0
BRDA:130,11,0,0
BRDA:130,11,1,0
BRDA:131,12,0,0
BRDA:131,12,1,0
BRDA:132,13,0,0
BRDA:132,13,1,0
BRDA:157,14,0,0
BRDA:157,15,0,0
BRDA:161,16,0,0
BRDA:161,16,1,0
BRDA:162,17,0,0
BRDA:162,17,1,0
BRDA:175,18,0,0
BRDA:175,18,1,0
BRDA:176,19,0,0
BRDA:176,19,1,0
BRDA:207,20,0,0
BRDA:207,20,1,0
BRDA:221,21,0,0
BRDA:221,21,1,0
BRDA:222,22,0,0
BRDA:222,22,1,0
BRDA:223,23,0,0
BRDA:223,23,1,0
BRDA:246,24,0,0
BRDA:246,24,1,0
BRDA:253,25,0,0
BRDA:253,25,1,0
BRDA:268,26,0,0
BRDA:268,26,1,0
BRDA:269,27,0,0
BRDA:269,27,1,0
BRDA:298,28,0,0
BRDA:298,28,1,0
BRDA:305,29,0,0
BRDA:305,29,1,0
BRDA:319,30,0,0
BRDA:319,30,1,0
BRDA:356,31,0,0
BRDA:356,31,1,0
BRDA:357,32,0,0
BRDA:357,32,1,0
BRDA:359,33,0,0
BRDA:359,33,1,0
BRDA:360,34,0,0
BRDA:360,34,1,0
BRDA:362,35,0,0
BRDA:362,35,1,0
BRDA:363,36,0,0
BRDA:363,36,1,0
BRDA:394,37,0,0
BRDA:394,37,1,0
BRDA:396,38,0,0
BRDA:396,38,1,0
BRDA:407,39,0,0
BRDA:407,39,1,0
BRDA:408,40,0,0
BRDA:408,40,1,0
BRDA:459,41,0,0
BRDA:459,41,1,0
BRDA:460,42,0,0
BRDA:460,42,1,0
BRDA:460,42,2,0
BRDA:460,42,3,0
BRDA:460,42,4,0
BRDA:468,43,0,0
BRDA:468,43,1,0
BRDA:478,44,0,0
BRDA:478,44,1,0
BRDA:505,45,0,0
BRDA:505,45,1,0
BRDA:524,46,0,0
BRDA:524,46,1,0
BRDA:525,47,0,0
BRDA:525,47,1,0
BRDA:526,48,0,0
BRDA:526,48,1,0
BRDA:528,49,0,0
BRDA:528,49,1,0
BRDA:529,50,0,0
BRDA:529,50,1,0
BRDA:530,51,0,0
BRDA:530,51,1,0
BRDA:531,52,0,0
BRDA:531,52,1,0
BRDA:532,53,0,0
BRDA:532,53,1,0
BRDA:533,54,0,0
BRDA:533,54,1,0
BRDA:586,55,0,0
BRDA:586,55,1,0
BRDA:586,56,0,0
BRDA:586,56,1,0
BRDA:603,57,0,0
BRDA:603,57,1,0
BRDA:603,58,0,0
BRDA:603,58,1,0
BRDA:603,58,2,0
BRDA:613,59,0,0
BRDA:613,59,1,0
BRDA:625,60,0,0
BRDA:625,60,1,0
BRDA:626,61,0,0
BRDA:626,61,1,0
BRDA:627,62,0,0
BRDA:627,62,1,0
BRDA:650,63,0,0
BRDA:650,63,1,0
BRDA:668,64,0,0
BRDA:673,65,0,0
BRDA:673,65,1,0
BRDA:673,66,0,0
BRDA:673,66,1,0
BRDA:688,67,0,0
BRDA:688,67,1,0
BRDA:688,67,2,0
BRDA:689,68,0,0
BRDA:689,68,1,0
BRDA:689,68,2,0
BRDA:690,69,0,0
BRDA:690,69,1,0
BRDA:690,69,2,0
BRDA:719,70,0,0
BRDA:719,70,1,0
BRDA:726,71,0,0
BRDA:726,71,1,0
BRDA:733,72,0,0
BRDA:733,72,1,0
BRDA:744,73,0,0
BRDA:744,73,1,0
BRDA:772,74,0,0
BRDA:772,74,1,0
BRDA:782,75,0,0
BRDA:782,75,1,0
BRDA:789,76,0,0
BRDA:789,76,1,0
BRDA:796,77,0,0
BRDA:796,77,1,0
BRDA:830,78,0,0
BRDA:830,78,1,0
BRDA:837,79,0,0
BRDA:837,79,1,0
BRDA:837,80,0,0
BRDA:837,80,1,0
BRDA:852,81,0,0
BRDA:852,81,1,0
BRDA:853,82,0,0
BRDA:853,82,1,0
BRF:171
BRH:0
end_of_record
TN:
SF:controllers\adminProductController.js
FN:4,(anonymous_0)
FN:37,(anonymous_1)
FN:40,(anonymous_2)
FN:41,(anonymous_3)
FN:47,(anonymous_4)
FN:49,(anonymous_5)
FN:68,(anonymous_6)
FN:74,(anonymous_7)
FN:108,(anonymous_8)
FN:143,(anonymous_9)
FN:168,(anonymous_10)
FNF:11
FNH:0
FNDA:0,(anonymous_0)
FNDA:0,(anonymous_1)
FNDA:0,(anonymous_2)
FNDA:0,(anonymous_3)
FNDA:0,(anonymous_4)
FNDA:0,(anonymous_5)
FNDA:0,(anonymous_6)
FNDA:0,(anonymous_7)
FNDA:0,(anonymous_8)
FNDA:0,(anonymous_9)
FNDA:0,(anonymous_10)
DA:1,0
DA:4,0
DA:5,0
DA:6,0
DA:7,0
DA:9,0
DA:10,0
DA:11,0
DA:12,0
DA:13,0
DA:15,0
DA:18,0
DA:19,0
DA:25,0
DA:26,0
DA:27,0
DA:29,0
DA:30,0
DA:36,0
DA:37,0
DA:39,0
DA:40,0
DA:41,0
DA:42,0
DA:47,0
DA:49,0
DA:54,0
DA:62,0
DA:63,0
DA:68,0
DA:69,0
DA:70,0
DA:74,0
DA:75,0
DA:76,0
DA:77,0
DA:78,0
DA:79,0
DA:81,0
DA:95,0
DA:96,0
DA:99,0
DA:100,0
DA:102,0
DA:103,0
DA:108,0
DA:109,0
DA:110,0
DA:111,0
DA:112,0
DA:113,0
DA:114,0
DA:116,0
DA:130,0
DA:131,0
DA:134,0
DA:135,0
DA:137,0
DA:138,0
DA:143,0
DA:144,0
DA:145,0
DA:146,0
DA:147,0
DA:148,0
DA:150,0
DA:155,0
DA:156,0
DA:159,0
DA:160,0
DA:162,0
DA:163,0
DA:168,0
DA:169,0
DA:170,0
DA:171,0
DA:172,0
DA:175,0
DA:176,0
DA:178,0
DA:181,0
DA:182,0
DA:183,0
DA:184,0
DA:185,0
DA:194,0
DA:197,0
DA:198,0
DA:199,0
DA:200,0
DA:202,0
DA:207,0
DA:215,0
DA:216,0
LF:94
LH:0
BRDA:7,0,0,0
BRDA:7,1,0,0
BRDA:10,2,0,0
BRDA:10,2,1,0
BRDA:11,3,0,0
BRDA:11,3,1,0
BRDA:18,4,0,0
BRDA:18,4,1,0
BRDA:42,5,0,0
BRDA:42,5,1,0
BRDA:51,6,0,0
BRDA:51,6,1,0
BRDA:51,7,0,0
BRDA:51,7,1,0
BRDA:86,8,0,0
BRDA:86,8,1,0
BRDA:95,9,0,0
BRDA:95,9,1,0
BRDA:121,10,0,0
BRDA:121,10,1,0
BRDA:130,11,0,0
BRDA:130,11,1,0
BRDA:155,12,0,0
BRDA:155,12,1,0
BRDA:172,13,0,0
BRDA:172,14,0,0
BRDA:183,15,0,0
BRDA:183,15,1,0
BRDA:183,16,0,0
BRDA:183,16,1,0
BRDA:184,17,0,0
BRDA:184,17,1,0
BRF:32
BRH:0
end_of_record
TN:
SF:controllers\adminUserController.js
FN:4,(anonymous_0)
FN:28,(anonymous_1)
FN:46,(anonymous_2)
FN:113,(anonymous_3)
FN:154,(anonymous_4)
FN:167,(anonymous_5)
FNF:6
FNH:0
FNDA:0,(anonymous_0)
FNDA:0,(anonymous_1)
FNDA:0,(anonymous_2)
FNDA:0,(anonymous_3)
FNDA:0,(anonymous_4)
FNDA:0,(anonymous_5)
DA:1,0
DA:4,0
DA:5,0
DA:6,0
DA:7,0
DA:9,0
DA:17,0
DA:22,0
DA:23,0
DA:28,0
DA:29,0
DA:30,0
DA:31,0
DA:33,0
DA:34,0
DA:35,0
DA:38,0
DA:40,0
DA:41,0
DA:46,0
DA:47,0
DA:48,0
DA:49,0
DA:50,0
DA:51,0
DA:54,0
DA:55,0
DA:56,0
DA:61,0
DA:62,0
DA:63,0
DA:67,0
DA:68,0
DA:73,0
DA:76,0
DA:79,0
DA:81,0
DA:82,0
DA:83,0
DA:88,0
DA:89,0
DA:91,0
DA:93,0
DA:94,0
DA:95,0
DA:99,0
DA:101,0
DA:107,0
DA:108,0
DA:113,0
DA:114,0
DA:115,0
DA:116,0
DA:117,0
DA:119,0
DA:120,0
DA:121,0
DA:126,0
DA:127,0
DA:128,0
DA:132,0
DA:133,0
DA:138,0
DA:140,0
DA:142,0
DA:148,0
DA:149,0
DA:154,0
DA:155,0
DA:156,0
DA:157,0
DA:159,0
DA:161,0
DA:162,0
DA:167,0
DA:168,0
DA:169,0
DA:170,0
DA:171,0
DA:172,0
DA:174,0
DA:175,0
DA:176,0
DA:179,0
DA:180,0
DA:184,0
DA:185,0
DA:187,0
DA:188,0
DA:190,0
DA:199,0
DA:200,0
DA:206,0
DA:207,0
DA:208,0
DA:210,0
DA:211,0
DA:212,0
DA:216,0
DA:227,0
DA:230,0
DA:232,0
DA:239,0
DA:240,0
DA:244,0
LF:105
LH:0
BRDA:10,0,0,0
BRDA:10,0,1,0
BRDA:11,1,0,0
BRDA:11,1,1,0
BRDA:34,2,0,0
BRDA:34,2,1,0
BRDA:55,3,0,0
BRDA:55,3,1,0
BRDA:62,4,0,0
BRDA:62,4,1,0
BRDA:67,5,0,0
BRDA:67,5,1,0
BRDA:79,6,0,0
BRDA:79,6,1,0
BRDA:79,7,0,0
BRDA:79,7,1,0
BRDA:82,8,0,0
BRDA:82,8,1,0
BRDA:88,9,0,0
BRDA:88,9,1,0
BRDA:91,10,0,0
BRDA:91,10,1,0
BRDA:91,11,0,0
BRDA:91,11,1,0
BRDA:94,12,0,0
BRDA:94,12,1,0
BRDA:94,13,0,0
BRDA:94,13,1,0
BRDA:120,14,0,0
BRDA:120,14,1,0
BRDA:127,15,0,0
BRDA:127,15,1,0
BRDA:132,16,0,0
BRDA:132,16,1,0
BRDA:175,17,0,0
BRDA:175,17,1,0
BRDA:179,18,0,0
BRDA:179,18,1,0
BRDA:185,19,0,0
BRDA:185,19,1,0
BRDA:199,20,0,0
BRDA:199,20,1,0
BRDA:199,21,0,0
BRDA:199,21,1,0
BRDA:199,21,2,0
BRDA:220,22,0,0
BRDA:220,22,1,0
BRDA:220,22,2,0
BRDA:221,23,0,0
BRDA:221,23,1,0
BRF:50
BRH:0
end_of_record
TN:
SF:controllers\adminVendorChatController.js
FN:8,(anonymous_0)
FN:15,(anonymous_1)
FN:21,(anonymous_2)
FN:46,(anonymous_3)
FN:84,(anonymous_4)
FN:107,(anonymous_5)
FN:140,(anonymous_6)
FN:154,(anonymous_7)
FN:184,(anonymous_8)
FN:217,(anonymous_9)
FN:233,(anonymous_10)
FN:266,(anonymous_11)
FN:291,(anonymous_12)
FNF:13
FNH:0
FNDA:0,(anonymous_0)
FNDA:0,(anonymous_1)
FNDA:0,(anonymous_2)
FNDA:0,(anonymous_3)
FNDA:0,(anonymous_4)
FNDA:0,(anonymous_5)
FNDA:0,(anonymous_6)
FNDA:0,(anonymous_7)
FNDA:0,(anonymous_8)
FNDA:0,(anonymous_9)
FNDA:0,(anonymous_10)
FNDA:0,(anonymous_11)
FNDA:0,(anonymous_12)
DA:1,0
DA:2,0
DA:3,0
DA:4,0
DA:7,0
DA:9,0
DA:10,0
DA:11,0
DA:13,0
DA:16,0
DA:17,0
DA:21,0
DA:23,0
DA:24,0
DA:25,0
DA:27,0
DA:28,0
DA:30,0
DA:34,0
DA:41,0
DA:46,0
DA:47,0
DA:48,0
DA:49,0
DA:50,0
DA:56,0
DA:57,0
DA:59,0
DA:60,0
DA:63,0
DA:65,0
DA:73,0
DA:74,0
DA:84,0
DA:85,0
DA:86,0
DA:87,0
DA:88,0
DA:94,0
DA:95,0
DA:97,0
DA:98,0
DA:104,0
DA:107,0
DA:108,0
DA:109,0
DA:117,0
DA:124,0
DA:129,0
DA:130,0
DA:140,0
DA:141,0
DA:142,0
DA:143,0
DA:144,0
DA:146,0
DA:153,0
DA:155,0
DA:156,0
DA:165,0
DA:173,0
DA:174,0
DA:184,0
DA:185,0
DA:186,0
DA:187,0
DA:188,0
DA:190,0
DA:191,0
DA:194,0
DA:196,0
DA:206,0
DA:207,0
DA:217,0
DA:218,0
DA:219,0
DA:220,0
DA:221,0
DA:223,0
DA:224,0
DA:230,0
DA:233,0
DA:234,0
DA:235,0
DA:243,0
DA:250,0
DA:255,0
DA:256,0
DA:266,0
DA:267,0
DA:268,0
DA:270,0
DA:271,0
DA:272,0
DA:273,0
DA:274,0
DA:275,0
DA:277,0
DA:280,0
DA:281,0
DA:291,0
DA:292,0
DA:293,0
DA:294,0
DA:296,0
DA:298,0
DA:303,0
DA:304,0
LF:108
LH:0
BRDA:10,0,0,0
BRDA:10,0,1,0
BRDA:27,1,0,0
BRDA:27,1,1,0
BRDA:27,2,0,0
BRDA:27,2,1,0
BRDA:49,3,0,0
BRDA:49,3,1,0
BRDA:69,4,0,0
BRDA:69,4,1,0
BRDA:87,5,0,0
BRDA:87,5,1,0
BRDA:95,6,0,0
BRDA:95,6,1,0
BRDA:97,7,0,0
BRDA:97,7,1,0
BRDA:97,8,0,0
BRDA:97,8,1,0
BRDA:97,8,2,0
BRDA:108,9,0,0
BRDA:108,9,1,0
BRDA:120,10,0,0
BRDA:120,10,1,0
BRDA:142,11,0,0
BRDA:142,12,0,0
BRDA:158,13,0,0
BRDA:158,13,1,0
BRDA:159,14,0,0
BRDA:159,14,1,0
BRDA:160,15,0,0
BRDA:160,15,1,0
BRDA:200,16,0,0
BRDA:200,16,1,0
BRDA:201,17,0,0
BRDA:201,17,1,0
BRDA:202,18,0,0
BRDA:202,18,1,0
BRDA:221,19,0,0
BRDA:221,19,1,0
BRDA:223,20,0,0
BRDA:223,20,1,0
BRDA:223,21,0,0
BRDA:223,21,1,0
BRDA:223,21,2,0
BRDA:234,22,0,0
BRDA:234,22,1,0
BRDA:246,23,0,0
BRDA:246,23,1,0
BRDA:270,24,0,0
BRDA:270,24,1,0
BRDA:273,25,0,0
BRDA:273,25,1,0
BRF:52
BRH:0
end_of_record
TN:
SF:controllers\adminVendorPerformanceController.js
FN:10,(anonymous_0)
FN:102,(anonymous_1)
FNF:2
FNH:0
FNDA:0,(anonymous_0)
FNDA:0,(anonymous_1)
DA:1,0
DA:10,0
DA:11,0
DA:12,0
DA:13,0
DA:16,0
DA:17,0
DA:19,0
DA:23,0
DA:24,0
DA:25,0
DA:28,0
DA:31,0
DA:68,0
DA:69,0
DA:70,0
DA:72,0
DA:74,0
DA:79,0
DA:87,0
DA:91,0
DA:102,0
DA:111,0
DA:112,0
LF:24
LH:0
BRDA:24,0,0,0
BRDA:24,0,1,0
BRDA:68,1,0,0
BRDA:68,1,1,0
BRDA:69,2,0,0
BRDA:69,2,1,0
BRDA:72,3,0,0
BRDA:72,3,1,0
BRDA:74,4,0,0
BRDA:74,4,1,0
BRDA:87,5,0,0
BRDA:87,5,1,0
BRF:12
BRH:0
end_of_record
TN:
SF:controllers\campaignController.js
FN:9,(anonymous_0)
FN:42,(anonymous_1)
FN:60,(anonymous_2)
FN:78,(anonymous_3)
FN:100,(anonymous_4)
FN:128,(anonymous_5)
FN:150,(anonymous_6)
FN:171,(anonymous_7)
FN:192,(anonymous_8)
FN:213,(anonymous_9)
FN:235,(anonymous_10)
FN:255,(anonymous_11)
FN:276,(anonymous_12)
FN:300,(anonymous_13)
FN:324,(anonymous_14)
FN:348,(anonymous_15)
FN:368,(anonymous_16)
FN:389,(anonymous_17)
FN:412,(anonymous_18)
FN:430,(anonymous_19)
FN:468,(anonymous_20)
FNF:21
FNH:0
FNDA:0,(anonymous_0)
FNDA:0,(anonymous_1)
FNDA:0,(anonymous_2)
FNDA:0,(anonymous_3)
FNDA:0,(anonymous_4)
FNDA:0,(anonymous_5)
FNDA:0,(anonymous_6)
FNDA:0,(anonymous_7)
FNDA:0,(anonymous_8)
FNDA:0,(anonymous_9)
FNDA:0,(anonymous_10)
FNDA:0,(anonymous_11)
FNDA:0,(anonymous_12)
FNDA:0,(anonymous_13)
FNDA:0,(anonymous_14)
FNDA:0,(anonymous_15)
FNDA:0,(anonymous_16)
FNDA:0,(anonymous_17)
FNDA:0,(anonymous_18)
FNDA:0,(anonymous_19)
FNDA:0,(anonymous_20)
DA:1,0
DA:2,0
DA:3,0
DA:4,0
DA:5,0
DA:6,0
DA:9,0
DA:10,0
DA:11,0
DA:12,0
DA:14,0
DA:26,0
DA:28,0
DA:34,0
DA:42,0
DA:43,0
DA:44,0
DA:45,0
DA:47,0
DA:52,0
DA:60,0
DA:61,0
DA:62,0
DA:63,0
DA:65,0
DA:70,0
DA:78,0
DA:79,0
DA:80,0
DA:81,0
DA:82,0
DA:84,0
DA:86,0
DA:92,0
DA:100,0
DA:101,0
DA:102,0
DA:104,0
DA:112,0
DA:114,0
DA:120,0
DA:128,0
DA:129,0
DA:130,0
DA:137,0
DA:142,0
DA:150,0
DA:151,0
DA:152,0
DA:153,0
DA:155,0
DA:157,0
DA:163,0
DA:171,0
DA:172,0
DA:173,0
DA:174,0
DA:176,0
DA:178,0
DA:184,0
DA:192,0
DA:193,0
DA:194,0
DA:195,0
DA:197,0
DA:199,0
DA:205,0
DA:213,0
DA:214,0
DA:215,0
DA:216,0
DA:217,0
DA:219,0
DA:221,0
DA:227,0
DA:235,0
DA:236,0
DA:237,0
DA:238,0
DA:240,0
DA:242,0
DA:247,0
DA:255,0
DA:256,0
DA:257,0
DA:258,0
DA:260,0
DA:262,0
DA:268,0
DA:276,0
DA:277,0
DA:278,0
DA:279,0
DA:281,0
DA:287,0
DA:292,0
DA:300,0
DA:301,0
DA:302,0
DA:303,0
DA:305,0
DA:311,0
DA:316,0
DA:324,0
DA:325,0
DA:326,0
DA:327,0
DA:329,0
DA:335,0
DA:340,0
DA:348,0
DA:349,0
DA:350,0
DA:351,0
DA:353,0
DA:355,0
DA:360,0
DA:368,0
DA:369,0
DA:370,0
DA:371,0
DA:372,0
DA:374,0
DA:376,0
DA:381,0
DA:389,0
DA:390,0
DA:391,0
DA:392,0
DA:394,0
DA:400,0
DA:401,0
DA:402,0
DA:404,0
DA:412,0
DA:413,0
DA:414,0
DA:416,0
DA:418,0
DA:419,0
DA:420,0
DA:422,0
DA:430,0
DA:431,0
DA:432,0
DA:433,0
DA:435,0
DA:436,0
DA:437,0
DA:440,0
DA:441,0
DA:447,0
DA:449,0
DA:460,0
DA:468,0
DA:469,0
DA:470,0
DA:472,0
DA:476,0
DA:478,0
DA:479,0
DA:482,0
DA:483,0
DA:484,0
DA:486,0
LF:165
LH:0
BRDA:102,0,0,0
BRDA:102,1,0,0
BRDA:258,2,0,0
BRDA:258,3,0,0
BRDA:283,4,0,0
BRDA:283,4,1,0
BRDA:284,5,0,0
BRDA:284,5,1,0
BRDA:307,6,0,0
BRDA:307,6,1,0
BRDA:308,7,0,0
BRDA:308,7,1,0
BRDA:331,8,0,0
BRDA:331,8,1,0
BRDA:332,9,0,0
BRDA:332,9,1,0
BRDA:351,10,0,0
BRDA:351,11,0,0
BRDA:396,12,0,0
BRDA:396,12,1,0
BRDA:397,13,0,0
BRDA:397,13,1,0
BRDA:433,14,0,0
BRDA:433,15,0,0
BRDA:436,16,0,0
BRDA:436,16,1,0
BRDA:479,17,0,0
BRDA:479,17,1,0
BRDA:479,18,0,0
BRDA:479,18,1,0
BRDA:479,19,0,0
BRDA:479,19,1,0
BRF:32
BRH:0
end_of_record
TN:
SF:controllers\categoryController.js
FN:1,(anonymous_0)
FN:21,(anonymous_1)
FN:38,(anonymous_2)
FN:67,(anonymous_3)
FN:77,(anonymous_4)
FN:138,(anonymous_5)
FN:183,(anonymous_6)
FN:202,(anonymous_7)
FNF:8
FNH:0
FNDA:0,(anonymous_0)
FNDA:0,(anonymous_1)
FNDA:0,(anonymous_2)
FNDA:0,(anonymous_3)
FNDA:0,(anonymous_4)
FNDA:0,(anonymous_5)
FNDA:0,(anonymous_6)
FNDA:0,(anonymous_7)
DA:1,0
DA:2,0
DA:3,0
DA:4,0
DA:7,0
DA:8,0
DA:9,0
DA:10,0
DA:12,0
DA:15,0
DA:17,0
DA:21,0
DA:22,0
DA:23,0
DA:24,0
DA:26,0
DA:27,0
DA:32,0
DA:34,0
DA:38,0
DA:39,0
DA:40,0
DA:41,0
DA:43,0
DA:44,0
DA:47,0
DA:48,0
DA:49,0
DA:51,0
DA:57,0
DA:60,0
DA:62,0
DA:63,0
DA:67,0
DA:68,0
DA:69,0
DA:70,0
DA:71,0
DA:73,0
DA:77,0
DA:78,0
DA:79,0
DA:92,0
DA:94,0
DA:95,0
DA:101,0
DA:102,0
DA:103,0
DA:109,0
DA:110,0
DA:111,0
DA:112,0
DA:118,0
DA:132,0
DA:134,0
DA:138,0
DA:139,0
DA:140,0
DA:141,0
DA:144,0
DA:145,0
DA:146,0
DA:147,0
DA:154,0
DA:155,0
DA:156,0
DA:160,0
DA:161,0
DA:162,0
DA:168,0
DA:170,0
DA:171,0
DA:176,0
DA:177,0
DA:179,0
DA:183,0
DA:184,0
DA:185,0
DA:188,0
DA:190,0
DA:191,0
DA:196,0
DA:198,0
DA:202,0
DA:203,0
DA:204,0
DA:205,0
DA:207,0
DA:208,0
DA:213,0
DA:214,0
DA:215,0
DA:217,0
DA:218,0
DA:221,0
DA:223,0
DA:224,0
DA:229,0
DA:230,0
DA:232,0
DA:236,0
LF:101
LH:0
BRDA:7,0,0,0
BRDA:7,0,1,0
BRDA:9,1,0,0
BRDA:9,1,1,0
BRDA:26,2,0,0
BRDA:26,2,1,0
BRDA:49,3,0,0
BRDA:49,3,1,0
BRDA:94,4,0,0
BRDA:94,4,1,0
BRDA:94,5,0,0
BRDA:94,5,1,0
BRDA:102,6,0,0
BRDA:102,6,1,0
BRDA:109,7,0,0
BRDA:109,7,1,0
BRDA:111,8,0,0
BRDA:111,8,1,0
BRDA:121,9,0,0
BRDA:121,9,1,0
BRDA:122,10,0,0
BRDA:122,10,1,0
BRDA:126,11,0,0
BRDA:126,11,1,0
BRDA:127,12,0,0
BRDA:127,12,1,0
BRDA:128,13,0,0
BRDA:128,13,1,0
BRDA:129,14,0,0
BRDA:129,14,1,0
BRDA:144,15,0,0
BRDA:144,15,1,0
BRDA:146,16,0,0
BRDA:146,16,1,0
BRDA:146,17,0,0
BRDA:146,17,1,0
BRDA:154,18,0,0
BRDA:154,18,1,0
BRDA:155,19,0,0
BRDA:155,19,1,0
BRDA:161,20,0,0
BRDA:161,20,1,0
BRDA:170,21,0,0
BRDA:170,21,1,0
BRDA:190,22,0,0
BRDA:190,22,1,0
BRDA:207,23,0,0
BRDA:207,23,1,0
BRDA:207,24,0,0
BRDA:207,24,1,0
BRDA:214,25,0,0
BRDA:214,25,1,0
BRDA:217,26,0,0
BRDA:217,26,1,0
BRDA:223,27,0,0
BRDA:223,27,1,0
BRF:56
BRH:0
end_of_record
TN:
SF:controllers\categoryFieldController.js
FN:6,(anonymous_0)
FN:29,(anonymous_1)
FN:61,(anonymous_2)
FN:87,(anonymous_3)
FN:110,(anonymous_4)
FN:134,(anonymous_5)
FN:156,(anonymous_6)
FNF:7
FNH:0
FNDA:0,(anonymous_0)
FNDA:0,(anonymous_1)
FNDA:0,(anonymous_2)
FNDA:0,(anonymous_3)
FNDA:0,(anonymous_4)
FNDA:0,(anonymous_5)
FNDA:0,(anonymous_6)
DA:1,0
DA:6,0
DA:7,0
DA:8,0
DA:9,0
DA:11,0
DA:13,0
DA:18,0
DA:19,0
DA:29,0
DA:30,0
DA:31,0
DA:32,0
DA:35,0
DA:36,0
DA:42,0
DA:44,0
DA:50,0
DA:51,0
DA:61,0
DA:62,0
DA:63,0
DA:64,0
DA:66,0
DA:68,0
DA:70,0
DA:76,0
DA:77,0
DA:87,0
DA:88,0
DA:89,0
DA:90,0
DA:92,0
DA:94,0
DA:99,0
DA:100,0
DA:110,0
DA:111,0
DA:112,0
DA:113,0
DA:114,0
DA:116,0
DA:118,0
DA:123,0
DA:124,0
DA:134,0
DA:135,0
DA:136,0
DA:138,0
DA:140,0
DA:145,0
DA:146,0
DA:156,0
DA:157,0
DA:158,0
DA:159,0
DA:160,0
DA:162,0
DA:164,0
DA:169,0
DA:170,0
LF:61
LH:0
BRDA:35,0,0,0
BRDA:35,0,1,0
BRDA:35,1,0,0
BRDA:35,1,1,0
BRDA:35,1,2,0
BRDA:35,1,3,0
BRDA:53,2,0,0
BRDA:53,2,1,0
BRF:8
BRH:0
end_of_record
TN:
SF:controllers\categoryRequestController.js
FN:4,(anonymous_0)
FN:40,(anonymous_1)
FN:75,(anonymous_2)
FN:103,(anonymous_3)
FN:128,(anonymous_4)
FN:172,(anonymous_5)
FN:213,(anonymous_6)
FN:255,(anonymous_7)
FNF:8
FNH:0
FNDA:0,(anonymous_0)
FNDA:0,(anonymous_1)
FNDA:0,(anonymous_2)
FNDA:0,(anonymous_3)
FNDA:0,(anonymous_4)
FNDA:0,(anonymous_5)
FNDA:0,(anonymous_6)
FNDA:0,(anonymous_7)
DA:1,0
DA:4,0
DA:5,0
DA:6,0
DA:7,0
DA:9,0
DA:10,0
DA:16,0
DA:17,0
DA:23,0
DA:24,0
DA:27,0
DA:28,0
DA:29,0
DA:36,0
DA:39,0
DA:40,0
DA:43,0
DA:44,0
DA:51,0
DA:60,0
DA:66,0
DA:67,0
DA:75,0
DA:76,0
DA:77,0
DA:79,0
DA:80,0
DA:86,0
DA:87,0
DA:89,0
DA:94,0
DA:95,0
DA:103,0
DA:104,0
DA:105,0
DA:106,0
DA:108,0
DA:114,0
DA:119,0
DA:120,0
DA:128,0
DA:129,0
DA:130,0
DA:131,0
DA:133,0
DA:134,0
DA:135,0
DA:137,0
DA:138,0
DA:139,0
DA:145,0
DA:146,0
DA:153,0
DA:157,0
DA:158,0
DA:165,0
DA:166,0
DA:167,0
DA:168,0
DA:171,0
DA:172,0
DA:175,0
DA:176,0
DA:188,0
DA:195,0
DA:204,0
DA:205,0
DA:213,0
DA:214,0
DA:215,0
DA:216,0
DA:218,0
DA:220,0
DA:221,0
DA:222,0
DA:228,0
DA:229,0
DA:235,0
DA:241,0
DA:246,0
DA:247,0
DA:255,0
DA:256,0
DA:257,0
DA:258,0
DA:260,0
DA:261,0
DA:267,0
DA:269,0
DA:270,0
DA:271,0
DA:277,0
DA:278,0
DA:284,0
DA:285,0
DA:291,0
DA:293,0
DA:298,0
DA:299,0
LF:100
LH:0
BRDA:9,0,0,0
BRDA:9,0,1,0
BRDA:16,1,0,0
BRDA:16,1,1,0
BRDA:16,2,0,0
BRDA:16,2,1,0
BRDA:28,3,0,0
BRDA:28,3,1,0
BRDA:43,4,0,0
BRDA:43,4,1,0
BRDA:56,5,0,0
BRDA:56,5,1,0
BRDA:57,6,0,0
BRDA:57,6,1,0
BRDA:79,7,0,0
BRDA:79,7,1,0
BRDA:110,8,0,0
BRDA:110,8,1,0
BRDA:111,9,0,0
BRDA:111,9,1,0
BRDA:138,10,0,0
BRDA:138,10,1,0
BRDA:145,11,0,0
BRDA:145,11,1,0
BRDA:157,12,0,0
BRDA:157,12,1,0
BRDA:166,13,0,0
BRDA:166,13,1,0
BRDA:167,14,0,0
BRDA:167,14,1,0
BRDA:175,15,0,0
BRDA:175,15,1,0
BRDA:191,16,0,0
BRDA:191,16,1,0
BRDA:207,17,0,0
BRDA:207,17,1,0
BRDA:221,18,0,0
BRDA:221,18,1,0
BRDA:228,19,0,0
BRDA:228,19,1,0
BRDA:238,20,0,0
BRDA:238,20,1,0
BRDA:260,21,0,0
BRDA:260,21,1,0
BRDA:270,22,0,0
BRDA:270,22,1,0
BRDA:277,23,0,0
BRDA:277,23,1,0
BRDA:284,24,0,0
BRDA:284,24,1,0
BRF:50
BRH:0
end_of_record
TN:
SF:controllers\couponController.js
FN:7,(anonymous_0)
FN:13,(anonymous_1)
FN:19,(anonymous_2)
FN:112,(anonymous_3)
FN:123,(anonymous_4)
FN:142,(anonymous_5)
FN:153,(anonymous_6)
FN:309,(anonymous_7)
FN:356,(anonymous_8)
FN:422,(anonymous_9)
FN:446,(anonymous_10)
FNF:11
FNH:1
FNDA:0,(anonymous_0)
FNDA:0,(anonymous_1)
FNDA:0,(anonymous_2)
FNDA:0,(anonymous_3)
FNDA:0,(anonymous_4)
FNDA:0,(anonymous_5)
FNDA:2,(anonymous_6)
FNDA:0,(anonymous_7)
FNDA:0,(anonymous_8)
FNDA:0,(anonymous_9)
FNDA:0,(anonymous_10)
DA:1,1
DA:5,1
DA:7,1
DA:8,0
DA:9,0
DA:10,0
DA:13,1
DA:14,0
DA:15,0
DA:16,0
DA:19,1
DA:20,0
DA:26,0
DA:28,0
DA:29,0
DA:30,0
DA:31,0
DA:32,0
DA:33,0
DA:34,0
DA:36,0
DA:37,0
DA:38,0
DA:42,0
DA:43,0
DA:44,0
DA:48,0
DA:49,0
DA:50,0
DA:54,0
DA:55,0
DA:56,0
DA:60,0
DA:61,0
DA:64,0
DA:65,0
DA:68,0
DA:69,0
DA:72,0
DA:73,0
DA:76,0
DA:77,0
DA:80,0
DA:87,0
DA:90,0
DA:91,0
DA:92,0
DA:93,0
DA:94,0
DA:98,0
DA:112,1
DA:113,0
DA:114,0
DA:115,0
DA:116,0
DA:118,0
DA:119,0
DA:123,1
DA:124,0
DA:125,0
DA:126,0
DA:128,0
DA:129,0
DA:130,0
DA:135,0
DA:137,0
DA:138,0
DA:142,1
DA:143,0
DA:144,0
DA:145,0
DA:146,0
DA:148,0
DA:149,0
DA:153,1
DA:154,2
DA:155,2
DA:156,2
DA:157,2
DA:158,2
DA:160,2
DA:167,2
DA:168,0
DA:173,0
DA:180,2
DA:181,2
DA:186,2
DA:188,2
DA:189,0
DA:199,0
DA:205,2
DA:206,2
DA:207,2
DA:208,2
DA:213,2
DA:214,1
DA:220,1
DA:242,0
DA:246,0
DA:247,0
DA:254,0
DA:255,0
DA:256,0
DA:263,0
DA:264,0
DA:265,0
DA:266,0
DA:267,0
DA:271,0
DA:273,0
DA:278,0
DA:294,0
DA:298,0
DA:299,0
DA:304,0
DA:305,0
DA:309,1
DA:310,0
DA:311,0
DA:312,0
DA:314,0
DA:315,0
DA:322,0
DA:323,0
DA:324,0
DA:330,0
DA:345,0
DA:351,0
DA:352,0
DA:356,1
DA:357,0
DA:358,0
DA:359,0
DA:360,0
DA:362,0
DA:363,0
DA:369,0
DA:370,0
DA:372,0
DA:373,0
DA:379,0
DA:380,0
DA:381,0
DA:382,0
DA:389,0
DA:403,0
DA:405,0
DA:406,0
DA:412,0
DA:417,0
DA:418,0
DA:422,1
DA:423,0
DA:424,0
DA:425,0
DA:427,0
DA:429,0
DA:430,0
DA:436,0
DA:441,0
DA:442,0
DA:446,1
DA:447,0
DA:448,0
DA:449,0
DA:450,0
DA:452,0
DA:453,0
DA:459,0
DA:461,0
DA:466,0
DA:467,0
DA:471,1
LF:173
LH:32
BRDA:8,0,0,0
BRDA:8,0,1,0
BRDA:8,1,0,0
BRDA:8,1,1,0
BRDA:8,1,2,0
BRDA:10,2,0,0
BRDA:10,2,1,0
BRDA:14,3,0,0
BRDA:14,3,1,0
BRDA:14,4,0,0
BRDA:14,4,1,0
BRDA:14,4,2,0
BRDA:16,5,0,0
BRDA:16,5,1,0
BRDA:19,6,0,0
BRDA:19,7,0,0
BRDA:22,8,0,0
BRDA:22,8,1,0
BRDA:23,9,0,0
BRDA:23,9,1,0
BRDA:24,10,0,0
BRDA:24,10,1,0
BRDA:34,11,0,0
BRDA:34,11,1,0
BRDA:36,12,0,0
BRDA:36,12,1,0
BRDA:36,13,0,0
BRDA:36,13,1,0
BRDA:37,14,0,0
BRDA:37,14,1,0
BRDA:37,15,0,0
BRDA:37,15,1,0
BRDA:42,16,0,0
BRDA:42,16,1,0
BRDA:42,17,0,0
BRDA:42,17,1,0
BRDA:43,18,0,0
BRDA:43,18,1,0
BRDA:48,19,0,0
BRDA:48,19,1,0
BRDA:48,20,0,0
BRDA:48,20,1,0
BRDA:49,21,0,0
BRDA:49,21,1,0
BRDA:54,22,0,0
BRDA:54,22,1,0
BRDA:54,23,0,0
BRDA:54,23,1,0
BRDA:55,24,0,0
BRDA:55,24,1,0
BRDA:55,25,0,0
BRDA:55,25,1,0
BRDA:60,26,0,0
BRDA:60,26,1,0
BRDA:60,27,0,0
BRDA:60,27,1,0
BRDA:60,27,2,0
BRDA:64,28,0,0
BRDA:64,28,1,0
BRDA:64,29,0,0
BRDA:64,29,1,0
BRDA:64,29,2,0
BRDA:68,30,0,0
BRDA:68,30,1,0
BRDA:68,31,0,0
BRDA:68,31,1,0
BRDA:68,31,2,0
BRDA:72,32,0,0
BRDA:72,32,1,0
BRDA:72,33,0,0
BRDA:72,33,1,0
BRDA:72,33,2,0
BRDA:76,34,0,0
BRDA:76,34,1,0
BRDA:76,35,0,0
BRDA:76,35,1,0
BRDA:76,35,2,0
BRDA:80,36,0,0
BRDA:80,36,1,0
BRDA:81,37,0,0
BRDA:81,37,1,0
BRDA:81,37,2,0
BRDA:81,37,3,0
BRDA:81,37,4,0
BRDA:90,38,0,0
BRDA:90,38,1,0
BRDA:90,39,0,0
BRDA:90,39,1,0
BRDA:91,40,0,0
BRDA:91,40,1,0
BRDA:91,41,0,0
BRDA:91,41,1,0
BRDA:93,42,0,0
BRDA:93,42,1,0
BRDA:129,43,0,0
BRDA:129,43,1,0
BRDA:157,44,0,0
BRDA:163,45,0,2
BRDA:163,45,1,0
BRDA:164,46,0,2
BRDA:164,46,1,1
BRDA:167,47,0,0
BRDA:167,47,1,2
BRDA:167,48,0,2
BRDA:167,48,1,2
BRDA:167,48,2,2
BRDA:170,49,0,0
BRDA:170,49,1,0
BRDA:188,50,0,0
BRDA:188,50,1,2
BRDA:207,51,0,2
BRDA:207,51,1,0
BRDA:210,52,0,2
BRDA:210,52,1,0
BRDA:213,53,0,1
BRDA:213,53,1,1
BRDA:216,54,0,1
BRDA:216,54,1,0
BRDA:232,55,0,1
BRDA:232,55,1,0
BRDA:235,56,0,1
BRDA:235,56,1,0
BRDA:254,57,0,0
BRDA:254,57,1,0
BRDA:264,58,0,0
BRDA:264,58,1,0
BRDA:266,59,0,0
BRDA:266,59,1,0
BRDA:314,60,0,0
BRDA:314,60,1,0
BRDA:323,61,0,0
BRDA:323,61,1,0
BRDA:333,62,0,0
BRDA:333,62,1,0
BRDA:341,63,0,0
BRDA:341,63,1,0
BRDA:362,64,0,0
BRDA:362,64,1,0
BRDA:372,65,0,0
BRDA:372,65,1,0
BRDA:379,66,0,0
BRDA:379,66,1,0
BRDA:381,67,0,0
BRDA:381,67,1,0
BRDA:381,68,0,0
BRDA:381,68,1,0
BRDA:393,69,0,0
BRDA:393,69,1,0
BRDA:405,70,0,0
BRDA:405,70,1,0
BRDA:429,71,0,0
BRDA:429,71,1,0
BRDA:452,72,0,0
BRDA:452,72,1,0
BRF:154
BRH:15
end_of_record
TN:
SF:controllers\deliverySettingsController.js
FN:22,(anonymous_0)
FN:39,(anonymous_1)
FN:43,(anonymous_2)
FN:66,(anonymous_3)
FN:83,(anonymous_4)
FN:130,(anonymous_5)
FNF:6
FNH:0
FNDA:0,(anonymous_0)
FNDA:0,(anonymous_1)
FNDA:0,(anonymous_2)
FNDA:0,(anonymous_3)
FNDA:0,(anonymous_4)
FNDA:0,(anonymous_5)
DA:1,0
DA:2,0
DA:4,0
DA:22,0
DA:23,0
DA:24,0
DA:25,0
DA:30,0
DA:31,0
DA:39,0
DA:40,0
DA:41,0
DA:43,0
DA:44,0
DA:45,0
DA:49,0
DA:51,0
DA:57,0
DA:58,0
DA:66,0
DA:67,0
DA:68,0
DA:69,0
DA:71,0
DA:72,0
DA:73,0
DA:74,0
DA:75,0
DA:77,0
DA:78,0
DA:79,0
DA:80,0
DA:82,0
DA:83,0
DA:86,0
DA:98,0
DA:106,0
DA:117,0
DA:120,0
DA:124,0
DA:128,0
DA:129,0
DA:130,0
DA:132,0
DA:133,0
DA:137,0
DA:149,0
DA:150,0
LF:48
LH:0
BRDA:44,0,0,0
BRDA:44,0,1,0
BRDA:68,1,0,0
BRDA:68,2,0,0
BRDA:68,3,0,0
BRDA:71,4,0,0
BRDA:71,4,1,0
BRDA:71,5,0,0
BRDA:71,5,1,0
BRDA:78,6,0,0
BRDA:78,6,1,0
BRDA:79,7,0,0
BRDA:79,7,1,0
BRDA:79,8,0,0
BRDA:79,8,1,0
BRDA:80,9,0,0
BRDA:80,9,1,0
BRDA:80,9,2,0
BRDA:82,10,0,0
BRDA:82,10,1,0
BRDA:82,11,0,0
BRDA:82,11,1,0
BRDA:82,11,2,0
BRDA:88,12,0,0
BRDA:88,12,1,0
BRDA:88,12,2,0
BRDA:89,13,0,0
BRDA:89,13,1,0
BRDA:91,14,0,0
BRDA:91,14,1,0
BRDA:92,15,0,0
BRDA:92,15,1,0
BRDA:92,15,2,0
BRDA:93,16,0,0
BRDA:93,16,1,0
BRDA:94,17,0,0
BRDA:94,17,1,0
BRDA:94,17,2,0
BRDA:120,18,0,0
BRDA:120,18,1,0
BRDA:121,19,0,0
BRDA:121,19,1,0
BRDA:128,20,0,0
BRDA:128,20,1,0
BRDA:128,21,0,0
BRDA:128,21,1,0
BRDA:130,22,0,0
BRDA:130,22,1,0
BRDA:132,23,0,0
BRDA:132,23,1,0
BRDA:143,24,0,0
BRDA:143,24,1,0
BRF:52
BRH:0
end_of_record
TN:
SF:controllers\dynamicCategoryController.js
FN:4,(anonymous_0)
FN:46,(anonymous_1)
FN:74,(anonymous_2)
FN:101,(anonymous_3)
FN:128,(anonymous_4)
FN:181,(anonymous_5)
FN:197,(anonymous_6)
FN:234,(anonymous_7)
FN:280,(anonymous_8)
FN:312,(anonymous_9)
FNF:10
FNH:0
FNDA:0,(anonymous_0)
FNDA:0,(anonymous_1)
FNDA:0,(anonymous_2)
FNDA:0,(anonymous_3)
FNDA:0,(anonymous_4)
FNDA:0,(anonymous_5)
FNDA:0,(anonymous_6)
FNDA:0,(anonymous_7)
FNDA:0,(anonymous_8)
FNDA:0,(anonymous_9)
DA:1,0
DA:4,0
DA:5,0
DA:6,0
DA:9,0
DA:13,0
DA:14,0
DA:20,0
DA:29,0
DA:31,0
DA:37,0
DA:46,0
DA:47,0
DA:48,0
DA:49,0
DA:51,0
DA:52,0
DA:55,0
DA:59,0
DA:65,0
DA:74,0
DA:75,0
DA:76,0
DA:78,0
DA:80,0
DA:81,0
DA:87,0
DA:92,0
DA:101,0
DA:102,0
DA:103,0
DA:105,0
DA:107,0
DA:108,0
DA:114,0
DA:119,0
DA:128,0
DA:129,0
DA:130,0
DA:131,0
DA:133,0
DA:135,0
DA:136,0
DA:143,0
DA:144,0
DA:145,0
DA:146,0
DA:153,0
DA:154,0
DA:155,0
DA:156,0
DA:157,0
DA:159,0
DA:160,0
DA:163,0
DA:164,0
DA:166,0
DA:172,0
DA:181,0
DA:182,0
DA:183,0
DA:184,0
DA:186,0
DA:188,0
DA:189,0
DA:196,0
DA:197,0
DA:200,0
DA:201,0
DA:207,0
DA:215,0
DA:216,0
DA:217,0
DA:219,0
DA:225,0
DA:234,0
DA:235,0
DA:236,0
DA:237,0
DA:239,0
DA:241,0
DA:242,0
DA:248,0
DA:250,0
DA:251,0
DA:257,0
DA:258,0
DA:259,0
DA:260,0
DA:262,0
DA:263,0
DA:265,0
DA:271,0
DA:280,0
DA:281,0
DA:282,0
DA:284,0
DA:286,0
DA:287,0
DA:293,0
DA:294,0
DA:295,0
DA:297,0
DA:303,0
DA:312,0
DA:313,0
DA:314,0
DA:316,0
DA:318,0
DA:319,0
DA:325,0
DA:330,0
LF:112
LH:0
BRDA:13,0,0,0
BRDA:13,0,1,0
BRDA:22,1,0,0
BRDA:22,1,1,0
BRDA:25,2,0,0
BRDA:25,2,1,0
BRDA:51,3,0,0
BRDA:51,3,1,0
BRDA:80,4,0,0
BRDA:80,4,1,0
BRDA:107,5,0,0
BRDA:107,5,1,0
BRDA:135,6,0,0
BRDA:135,6,1,0
BRDA:143,7,0,0
BRDA:143,7,1,0
BRDA:143,8,0,0
BRDA:143,8,1,0
BRDA:145,9,0,0
BRDA:145,9,1,0
BRDA:153,10,0,0
BRDA:153,10,1,0
BRDA:154,11,0,0
BRDA:154,11,1,0
BRDA:155,12,0,0
BRDA:155,12,1,0
BRDA:156,13,0,0
BRDA:156,13,1,0
BRDA:157,14,0,0
BRDA:157,14,1,0
BRDA:159,15,0,0
BRDA:159,15,1,0
BRDA:188,16,0,0
BRDA:188,16,1,0
BRDA:200,17,0,0
BRDA:200,17,1,0
BRDA:210,18,0,0
BRDA:210,18,1,0
BRDA:211,19,0,0
BRDA:211,19,1,0
BRDA:241,20,0,0
BRDA:241,20,1,0
BRDA:250,21,0,0
BRDA:250,21,1,0
BRDA:257,22,0,0
BRDA:257,22,1,0
BRDA:258,23,0,0
BRDA:258,23,1,0
BRDA:259,24,0,0
BRDA:259,24,1,0
BRDA:260,25,0,0
BRDA:260,25,1,0
BRDA:286,26,0,0
BRDA:286,26,1,0
BRDA:318,27,0,0
BRDA:318,27,1,0
BRF:56
BRH:0
end_of_record
TN:
SF:controllers\dynamicProductController.js
FN:5,(anonymous_0)
FN:72,(anonymous_1)
FN:122,(anonymous_2)
FN:152,(anonymous_3)
FN:182,(anonymous_4)
FN:252,(anonymous_5)
FN:279,(anonymous_6)
FNF:7
FNH:0
FNDA:0,(anonymous_0)
FNDA:0,(anonymous_1)
FNDA:0,(anonymous_2)
FNDA:0,(anonymous_3)
FNDA:0,(anonymous_4)
FNDA:0,(anonymous_5)
FNDA:0,(anonymous_6)
DA:1,0
DA:2,0
DA:5,0
DA:6,0
DA:18,0
DA:21,0
DA:22,0
DA:23,0
DA:30,0
DA:31,0
DA:32,0
DA:33,0
DA:40,0
DA:54,0
DA:55,0
DA:57,0
DA:63,0
DA:72,0
DA:73,0
DA:74,0
DA:75,0
DA:77,0
DA:78,0
DA:81,0
DA:82,0
DA:85,0
DA:86,0
DA:92,0
DA:94,0
DA:100,0
DA:102,0
DA:113,0
DA:122,0
DA:123,0
DA:124,0
DA:126,0
DA:131,0
DA:132,0
DA:138,0
DA:143,0
DA:152,0
DA:153,0
DA:154,0
DA:156,0
DA:161,0
DA:162,0
DA:168,0
DA:173,0
DA:182,0
DA:183,0
DA:184,0
DA:196,0
DA:198,0
DA:200,0
DA:201,0
DA:208,0
DA:209,0
DA:210,0
DA:211,0
DA:218,0
DA:219,0
DA:220,0
DA:221,0
DA:223,0
DA:224,0
DA:225,0
DA:226,0
DA:227,0
DA:229,0
DA:230,0
DA:233,0
DA:234,0
DA:235,0
DA:237,0
DA:243,0
DA:252,0
DA:253,0
DA:254,0
DA:256,0
DA:258,0
DA:259,0
DA:265,0
DA:270,0
DA:279,0
DA:280,0
DA:281,0
DA:282,0
DA:284,0
DA:286,0
DA:287,0
DA:293,0
DA:295,0
DA:303,0
DA:308,0
DA:324,0
LF:95
LH:0
BRDA:22,0,0,0
BRDA:22,0,1,0
BRDA:30,1,0,0
BRDA:30,1,1,0
BRDA:32,2,0,0
BRDA:32,2,1,0
BRDA:46,3,0,0
BRDA:46,3,1,0
BRDA:50,4,0,0
BRDA:50,4,1,0
BRDA:74,5,0,0
BRDA:74,6,0,0
BRDA:77,7,0,0
BRDA:77,7,1,0
BRDA:81,8,0,0
BRDA:81,8,1,0
BRDA:85,9,0,0
BRDA:85,9,1,0
BRDA:131,10,0,0
BRDA:131,10,1,0
BRDA:161,11,0,0
BRDA:161,11,1,0
BRDA:200,12,0,0
BRDA:200,12,1,0
BRDA:208,13,0,0
BRDA:208,13,1,0
BRDA:208,14,0,0
BRDA:208,14,1,0
BRDA:210,15,0,0
BRDA:210,15,1,0
BRDA:218,16,0,0
BRDA:218,16,1,0
BRDA:219,17,0,0
BRDA:219,17,1,0
BRDA:220,18,0,0
BRDA:220,18,1,0
BRDA:222,19,0,0
BRDA:222,19,1,0
BRDA:223,20,0,0
BRDA:223,20,1,0
BRDA:224,21,0,0
BRDA:224,21,1,0
BRDA:225,22,0,0
BRDA:225,22,1,0
BRDA:226,23,0,0
BRDA:226,23,1,0
BRDA:227,24,0,0
BRDA:227,24,1,0
BRDA:229,25,0,0
BRDA:229,25,1,0
BRDA:258,26,0,0
BRDA:258,26,1,0
BRDA:282,27,0,0
BRDA:282,28,0,0
BRDA:286,29,0,0
BRDA:286,29,1,0
BRF:56
BRH:0
end_of_record
TN:
SF:controllers\flashSaleController.js
FN:10,(anonymous_0)
FN:24,(anonymous_1)
FN:35,(anonymous_2)
FN:57,(anonymous_3)
FN:73,(anonymous_4)
FN:89,(anonymous_5)
FN:111,(anonymous_6)
FN:192,(anonymous_7)
FN:225,(anonymous_8)
FN:242,(anonymous_9)
FNF:10
FNH:0
FNDA:0,(anonymous_0)
FNDA:0,(anonymous_1)
FNDA:0,(anonymous_2)
FNDA:0,(anonymous_3)
FNDA:0,(anonymous_4)
FNDA:0,(anonymous_5)
FNDA:0,(anonymous_6)
FNDA:0,(anonymous_7)
FNDA:0,(anonymous_8)
FNDA:0,(anonymous_9)
DA:1,0
DA:2,0
DA:5,0
DA:7,0
DA:10,0
DA:11,0
DA:12,0
DA:14,0
DA:24,0
DA:26,0
DA:28,0
DA:35,0
DA:36,0
DA:37,0
DA:39,0
DA:47,0
DA:49,0
DA:57,0
DA:58,0
DA:59,0
DA:60,0
DA:62,0
DA:64,0
DA:70,0
DA:73,0
DA:75,0
DA:82,0
DA:89,0
DA:90,0
DA:91,0
DA:95,0
DA:96,0
DA:99,0
DA:100,0
DA:102,0
DA:104,0
DA:111,0
DA:112,0
DA:122,0
DA:125,0
DA:126,0
DA:127,0
DA:130,0
DA:131,0
DA:135,0
DA:148,0
DA:149,0
DA:151,0
DA:156,0
DA:157,0
DA:158,0
DA:160,0
DA:166,0
DA:173,0
DA:175,0
DA:183,0
DA:185,0
DA:192,0
DA:193,0
DA:194,0
DA:195,0
DA:197,0
DA:198,0
DA:199,0
DA:203,0
DA:204,0
DA:205,0
DA:206,0
DA:211,0
DA:212,0
DA:213,0
DA:215,0
DA:216,0
DA:218,0
DA:225,0
DA:226,0
DA:227,0
DA:229,0
DA:230,0
DA:233,0
DA:235,0
DA:242,0
DA:243,0
DA:244,0
DA:245,0
DA:247,0
DA:249,0
DA:250,0
DA:253,0
DA:254,0
DA:257,0
DA:258,0
DA:261,0
DA:262,0
DA:263,0
DA:265,0
DA:267,0
LF:97
LH:0
BRDA:7,0,0,0
BRDA:7,0,1,0
BRDA:59,1,0,0
BRDA:59,2,0,0
BRDA:62,3,0,0
BRDA:62,3,1,0
BRDA:95,4,0,0
BRDA:95,4,1,0
BRDA:126,5,0,0
BRDA:126,5,1,0
BRDA:145,6,0,0
BRDA:145,6,1,0
BRDA:156,7,0,0
BRDA:156,7,1,0
BRDA:198,8,0,0
BRDA:198,8,1,0
BRDA:203,9,0,0
BRDA:203,9,1,0
BRDA:203,10,0,0
BRDA:203,10,1,0
BRDA:204,11,0,0
BRDA:204,11,1,0
BRDA:205,12,0,0
BRDA:205,12,1,0
BRDA:229,13,0,0
BRDA:229,13,1,0
BRDA:245,14,0,0
BRDA:249,15,0,0
BRDA:249,15,1,0
BRDA:253,16,0,0
BRDA:253,16,1,0
BRDA:257,17,0,0
BRDA:257,17,1,0
BRF:33
BRH:0
end_of_record
TN:
SF:controllers\listingController.js
FN:7,(anonymous_0)
FN:76,(anonymous_1)
FN:150,(anonymous_2)
FN:190,(anonymous_3)
FN:219,calculateDistance
FN:235,toRad
FN:242,(anonymous_6)
FN:277,(anonymous_7)
FN:332,(anonymous_8)
FN:384,(anonymous_9)
FN:439,(anonymous_10)
FN:488,(anonymous_11)
FNF:12
FNH:0
FNDA:0,(anonymous_0)
FNDA:0,(anonymous_1)
FNDA:0,(anonymous_2)
FNDA:0,(anonymous_3)
FNDA:0,calculateDistance
FNDA:0,toRad
FNDA:0,(anonymous_6)
FNDA:0,(anonymous_7)
FNDA:0,(anonymous_8)
FNDA:0,(anonymous_9)
FNDA:0,(anonymous_10)
FNDA:0,(anonymous_11)
DA:1,0
DA:2,0
DA:7,0
DA:8,0
DA:9,0
DA:12,0
DA:14,0
DA:15,0
DA:21,0
DA:22,0
DA:29,0
DA:30,0
DA:36,0
DA:42,0
DA:43,0
DA:47,0
DA:48,0
DA:49,0
DA:52,0
DA:55,0
DA:56,0
DA:57,0
DA:59,0
DA:65,0
DA:66,0
DA:76,0
DA:77,0
DA:89,0
DA:91,0
DA:94,0
DA:95,0
DA:96,0
DA:97,0
DA:100,0
DA:101,0
DA:102,0
DA:103,0
DA:107,0
DA:108,0
DA:115,0
DA:117,0
DA:128,0
DA:139,0
DA:140,0
DA:150,0
DA:151,0
DA:152,0
DA:154,0
DA:155,0
DA:161,0
DA:175,0
DA:176,0
DA:177,0
DA:178,0
DA:179,0
DA:180,0
DA:183,0
DA:190,0
DA:191,0
DA:198,0
DA:204,0
DA:210,0
DA:211,0
DA:220,0
DA:221,0
DA:222,0
DA:225,0
DA:231,0
DA:232,0
DA:236,0
DA:242,0
DA:243,0
DA:244,0
DA:246,0
DA:250,0
DA:251,0
DA:258,0
DA:259,0
DA:261,0
DA:266,0
DA:267,0
DA:277,0
DA:278,0
DA:279,0
DA:280,0
DA:282,0
DA:283,0
DA:284,0
DA:290,0
DA:292,0
DA:293,0
DA:299,0
DA:300,0
DA:307,0
DA:308,0
DA:309,0
DA:310,0
DA:312,0
DA:313,0
DA:315,0
DA:321,0
DA:322,0
DA:332,0
DA:333,0
DA:334,0
DA:335,0
DA:337,0
DA:338,0
DA:339,0
DA:345,0
DA:347,0
DA:348,0
DA:354,0
DA:355,0
DA:361,0
DA:362,0
DA:365,0
DA:366,0
DA:368,0
DA:373,0
DA:374,0
DA:384,0
DA:385,0
DA:386,0
DA:387,0
DA:389,0
DA:390,0
DA:391,0
DA:397,0
DA:399,0
DA:400,0
DA:406,0
DA:407,0
DA:413,0
DA:414,0
DA:415,0
DA:418,0
DA:419,0
DA:420,0
DA:422,0
DA:428,0
DA:429,0
DA:439,0
DA:440,0
DA:441,0
DA:442,0
DA:444,0
DA:445,0
DA:446,0
DA:452,0
DA:454,0
DA:455,0
DA:461,0
DA:462,0
DA:468,0
DA:469,0
DA:471,0
DA:477,0
DA:478,0
DA:488,0
DA:489,0
DA:490,0
DA:491,0
DA:493,0
DA:494,0
DA:495,0
DA:501,0
DA:502,0
DA:504,0
DA:506,0
DA:516,0
DA:527,0
DA:528,0
LF:173
LH:0
BRDA:14,0,0,0
BRDA:14,0,1,0
BRDA:21,1,0,0
BRDA:21,1,1,0
BRDA:29,2,0,0
BRDA:29,2,1,0
BRDA:29,3,0,0
BRDA:29,3,1,0
BRDA:42,4,0,0
BRDA:42,4,1,0
BRDA:42,5,0,0
BRDA:42,5,1,0
BRDA:79,6,0,0
BRDA:80,7,0,0
BRDA:88,8,0,0
BRDA:94,9,0,0
BRDA:94,9,1,0
BRDA:95,10,0,0
BRDA:95,10,1,0
BRDA:96,11,0,0
BRDA:96,11,1,0
BRDA:97,12,0,0
BRDA:97,12,1,0
BRDA:100,13,0,0
BRDA:100,13,1,0
BRDA:100,14,0,0
BRDA:100,14,1,0
BRDA:102,15,0,0
BRDA:102,15,1,0
BRDA:103,16,0,0
BRDA:103,16,1,0
BRDA:107,17,0,0
BRDA:107,17,1,0
BRDA:152,18,0,0
BRDA:154,19,0,0
BRDA:154,19,1,0
BRDA:154,20,0,0
BRDA:154,20,1,0
BRDA:175,21,0,0
BRDA:175,21,1,0
BRDA:176,22,0,0
BRDA:176,22,1,0
BRDA:177,23,0,0
BRDA:177,23,1,0
BRDA:177,24,0,0
BRDA:177,24,1,0
BRDA:179,25,0,0
BRDA:179,25,1,0
BRDA:180,26,0,0
BRDA:180,26,1,0
BRDA:250,27,0,0
BRDA:250,27,1,0
BRDA:283,28,0,0
BRDA:283,28,1,0
BRDA:292,29,0,0
BRDA:292,29,1,0
BRDA:299,30,0,0
BRDA:299,30,1,0
BRDA:338,31,0,0
BRDA:338,31,1,0
BRDA:347,32,0,0
BRDA:347,32,1,0
BRDA:354,33,0,0
BRDA:354,33,1,0
BRDA:390,34,0,0
BRDA:390,34,1,0
BRDA:399,35,0,0
BRDA:399,35,1,0
BRDA:406,36,0,0
BRDA:406,36,1,0
BRDA:445,37,0,0
BRDA:445,37,1,0
BRDA:454,38,0,0
BRDA:454,38,1,0
BRDA:461,39,0,0
BRDA:461,39,1,0
BRDA:491,40,0,0
BRDA:491,41,0,0
BRDA:494,42,0,0
BRDA:494,42,1,0
BRDA:502,43,0,0
BRDA:502,43,1,0
BRF:82
BRH:0
end_of_record
TN:
SF:controllers\loyaltyController.js
FN:5,(anonymous_0)
FN:39,(anonymous_1)
FN:58,(anonymous_2)
FN:70,(anonymous_3)
FN:102,(anonymous_4)
FN:156,(anonymous_5)
FN:175,(anonymous_6)
FN:193,(anonymous_7)
FNF:8
FNH:0
FNDA:0,(anonymous_0)
FNDA:0,(anonymous_1)
FNDA:0,(anonymous_2)
FNDA:0,(anonymous_3)
FNDA:0,(anonymous_4)
FNDA:0,(anonymous_5)
FNDA:0,(anonymous_6)
FNDA:0,(anonymous_7)
DA:1,0
DA:2,0
DA:5,0
DA:6,0
DA:7,0
DA:8,0
DA:10,0
DA:11,0
DA:14,0
DA:15,0
DA:17,0
DA:30,0
DA:31,0
DA:39,0
DA:40,0
DA:41,0
DA:43,0
DA:44,0
DA:47,0
DA:49,0
DA:50,0
DA:56,0
DA:58,0
DA:61,0
DA:62,0
DA:70,0
DA:71,0
DA:72,0
DA:73,0
DA:75,0
DA:76,0
DA:79,0
DA:80,0
DA:85,0
DA:87,0
DA:93,0
DA:94,0
DA:102,0
DA:103,0
DA:104,0
DA:105,0
DA:106,0
DA:108,0
DA:109,0
DA:113,0
DA:114,0
DA:115,0
DA:121,0
DA:122,0
DA:123,0
DA:129,0
DA:130,0
DA:135,0
DA:141,0
DA:147,0
DA:148,0
DA:156,0
DA:157,0
DA:158,0
DA:159,0
DA:161,0
DA:166,0
DA:167,0
DA:175,0
DA:176,0
DA:177,0
DA:179,0
DA:184,0
DA:185,0
DA:193,0
DA:194,0
DA:195,0
DA:197,0
DA:198,0
DA:203,0
DA:205,0
DA:211,0
DA:212,0
LF:78
LH:0
BRDA:10,0,0,0
BRDA:10,0,1,0
BRDA:10,1,0,0
BRDA:10,1,1,0
BRDA:43,2,0,0
BRDA:43,2,1,0
BRDA:49,3,0,0
BRDA:49,3,1,0
BRDA:75,4,0,0
BRDA:75,4,1,0
BRDA:79,5,0,0
BRDA:79,5,1,0
BRDA:79,6,0,0
BRDA:79,6,1,0
BRDA:95,7,0,0
BRDA:95,7,1,0
BRDA:108,8,0,0
BRDA:108,8,1,0
BRDA:108,9,0,0
BRDA:108,9,1,0
BRDA:114,10,0,0
BRDA:114,10,1,0
BRDA:114,11,0,0
BRDA:114,11,1,0
BRDA:122,12,0,0
BRDA:122,12,1,0
BRDA:129,13,0,0
BRDA:129,13,1,0
BRDA:149,14,0,0
BRDA:149,14,1,0
BRDA:158,15,0,0
BRDA:158,15,1,0
BRDA:197,16,0,0
BRDA:197,16,1,0
BRDA:213,17,0,0
BRDA:213,17,1,0
BRF:36
BRH:0
end_of_record
TN:
SF:controllers\newsletterController.js
FN:1,(anonymous_0)
FN:42,(anonymous_1)
FNF:2
FNH:2
FNDA:2,(anonymous_0)
FNDA:1,(anonymous_1)
DA:1,1
DA:2,2
DA:3,2
DA:4,2
DA:5,1
DA:8,1
DA:9,1
DA:10,1
DA:12,1
DA:28,1
DA:34,0
DA:35,0
DA:37,0
DA:38,0
DA:42,1
DA:43,1
DA:44,1
DA:45,1
DA:46,1
DA:47,1
DA:52,1
DA:62,0
DA:63,0
DA:67,1
LF:24
LH:18
BRDA:3,0,0,2
BRDA:3,0,1,0
BRDA:4,1,0,1
BRDA:4,1,1,1
BRDA:17,2,0,1
BRDA:17,2,1,0
BRDA:34,3,0,0
BRDA:34,3,1,0
BRDA:44,4,0,0
BRDA:44,5,0,0
BRF:10
BRH:4
end_of_record
TN:
SF:controllers\notificationController.js
FN:35,(anonymous_0)
FN:97,(anonymous_1)
FN:123,(anonymous_2)
FN:147,(anonymous_3)
FN:176,(anonymous_4)
FN:212,(anonymous_5)
FN:216,(anonymous_6)
FN:250,(anonymous_7)
FN:287,(anonymous_8)
FN:293,(anonymous_9)
FN:330,(anonymous_10)
FN:399,(anonymous_11)
FN:430,(anonymous_12)
FN:449,(anonymous_13)
FN:473,(anonymous_14)
FN:484,(anonymous_15)
FNF:16
FNH:0
FNDA:0,(anonymous_0)
FNDA:0,(anonymous_1)
FNDA:0,(anonymous_2)
FNDA:0,(anonymous_3)
FNDA:0,(anonymous_4)
FNDA:0,(anonymous_5)
FNDA:0,(anonymous_6)
FNDA:0,(anonymous_7)
FNDA:0,(anonymous_8)
FNDA:0,(anonymous_9)
FNDA:0,(anonymous_10)
FNDA:0,(anonymous_11)
FNDA:0,(anonymous_12)
FNDA:0,(anonymous_13)
FNDA:0,(anonymous_14)
FNDA:0,(anonymous_15)
DA:1,0
DA:4,0
DA:14,0
DA:18,0
DA:19,0
DA:24,0
DA:26,0
DA:27,0
DA:30,0
DA:35,0
DA:36,0
DA:38,0
DA:39,0
DA:40,0
DA:42,0
DA:49,0
DA:53,0
DA:54,0
DA:55,0
DA:68,0
DA:84,0
DA:89,0
DA:90,0
DA:97,0
DA:98,0
DA:100,0
DA:101,0
DA:103,0
DA:108,0
DA:110,0
DA:115,0
DA:116,0
DA:123,0
DA:124,0
DA:126,0
DA:127,0
DA:128,0
DA:130,0
DA:132,0
DA:134,0
DA:139,0
DA:140,0
DA:147,0
DA:148,0
DA:150,0
DA:151,0
DA:153,0
DA:155,0
DA:156,0
DA:161,0
DA:167,0
DA:168,0
DA:176,0
DA:177,0
DA:180,0
DA:185,0
DA:187,0
DA:188,0
DA:189,0
DA:192,0
DA:193,0
DA:194,0
DA:195,0
DA:197,0
DA:199,0
DA:204,0
DA:207,0
DA:210,0
DA:213,0
DA:214,0
DA:217,0
DA:218,0
DA:224,0
DA:225,0
DA:229,0
DA:232,0
DA:234,0
DA:238,0
DA:244,0
DA:245,0
DA:250,0
DA:256,0
DA:259,0
DA:263,0
DA:268,0
DA:269,0
DA:272,0
DA:275,0
DA:280,0
DA:281,0
DA:282,0
DA:284,0
DA:285,0
DA:288,0
DA:289,0
DA:294,0
DA:295,0
DA:301,0
DA:302,0
DA:306,0
DA:309,0
DA:311,0
DA:315,0
DA:321,0
DA:325,0
DA:330,0
DA:331,0
DA:333,0
DA:334,0
DA:337,0
DA:341,0
DA:342,0
DA:348,0
DA:361,0
DA:362,0
DA:363,0
DA:365,0
DA:366,0
DA:367,0
DA:368,0
DA:369,0
DA:371,0
DA:372,0
DA:375,0
DA:376,0
DA:383,0
DA:390,0
DA:391,0
DA:399,0
DA:400,0
DA:401,0
DA:403,0
DA:419,0
DA:421,0
DA:422,0
DA:430,0
DA:431,0
DA:433,0
DA:436,0
DA:441,0
DA:442,0
DA:449,0
DA:450,0
DA:451,0
DA:452,0
DA:453,0
DA:456,0
DA:457,0
DA:458,0
DA:459,0
DA:464,0
DA:466,0
DA:468,0
DA:469,0
DA:473,0
DA:474,0
DA:475,0
DA:476,0
DA:477,0
DA:479,0
DA:480,0
DA:484,0
DA:485,0
DA:486,0
DA:487,0
DA:488,0
DA:490,0
DA:491,0
DA:495,0
LF:169
LH:0
BRDA:6,0,0,0
BRDA:6,0,1,0
BRDA:9,1,0,0
BRDA:9,1,1,0
BRDA:14,2,0,0
BRDA:14,2,1,0
BRDA:15,3,0,0
BRDA:15,3,1,0
BRDA:20,4,0,0
BRDA:20,4,1,0
BRDA:40,5,0,0
BRDA:40,5,1,0
BRDA:53,6,0,0
BRDA:53,6,1,0
BRDA:155,7,0,0
BRDA:155,7,1,0
BRDA:158,8,0,0
BRDA:158,8,1,0
BRDA:176,9,0,0
BRDA:180,10,0,0
BRDA:180,10,1,0
BRDA:187,11,0,0
BRDA:187,11,1,0
BRDA:199,12,0,0
BRDA:199,12,1,0
BRDA:200,13,0,0
BRDA:200,13,1,0
BRDA:200,13,2,0
BRDA:224,14,0,0
BRDA:224,14,1,0
BRDA:224,15,0,0
BRDA:224,15,1,0
BRDA:253,16,0,0
BRDA:254,17,0,0
BRDA:259,18,0,0
BRDA:259,18,1,0
BRDA:268,19,0,0
BRDA:268,19,1,0
BRDA:301,20,0,0
BRDA:301,20,1,0
BRDA:301,21,0,0
BRDA:301,21,1,0
BRDA:341,22,0,0
BRDA:341,22,1,0
BRDA:349,23,0,0
BRDA:349,23,1,0
BRDA:350,24,0,0
BRDA:350,24,1,0
BRDA:351,25,0,0
BRDA:351,25,1,0
BRDA:352,26,0,0
BRDA:352,26,1,0
BRDA:355,27,0,0
BRDA:355,27,1,0
BRDA:357,28,0,0
BRDA:357,28,1,0
BRDA:375,29,0,0
BRDA:375,29,1,0
BRDA:375,30,0,0
BRDA:375,30,1,0
BRDA:433,31,0,0
BRDA:433,31,1,0
BRDA:452,32,0,0
BRDA:452,32,1,0
BRDA:456,33,0,0
BRDA:456,33,1,0
BRDA:457,34,0,0
BRDA:457,34,1,0
BRF:68
BRH:0
end_of_record
TN:
SF:controllers\offerController.js
FN:7,(anonymous_0)
FN:51,(anonymous_1)
FN:66,(anonymous_2)
FN:77,(anonymous_3)
FN:93,(anonymous_4)
FN:128,(anonymous_5)
FN:189,(anonymous_6)
FN:212,(anonymous_7)
FNF:8
FNH:0
FNDA:0,(anonymous_0)
FNDA:0,(anonymous_1)
FNDA:0,(anonymous_2)
FNDA:0,(anonymous_3)
FNDA:0,(anonymous_4)
FNDA:0,(anonymous_5)
FNDA:0,(anonymous_6)
FNDA:0,(anonymous_7)
DA:1,0
DA:2,0
DA:3,0
DA:5,0
DA:7,0
DA:8,0
DA:9,0
DA:10,0
DA:11,0
DA:12,0
DA:13,0
DA:14,0
DA:16,0
DA:17,0
DA:18,0
DA:19,0
DA:20,0
DA:21,0
DA:23,0
DA:24,0
DA:25,0
DA:26,0
DA:27,0
DA:28,0
DA:30,0
DA:31,0
DA:33,0
DA:51,0
DA:52,0
DA:53,0
DA:58,0
DA:60,0
DA:61,0
DA:66,0
DA:67,0
DA:68,0
DA:69,0
DA:70,0
DA:72,0
DA:77,0
DA:78,0
DA:79,0
DA:81,0
DA:82,0
DA:85,0
DA:87,0
DA:88,0
DA:93,0
DA:94,0
DA:95,0
DA:101,0
DA:102,0
DA:105,0
DA:109,0
DA:110,0
DA:116,0
DA:117,0
DA:120,0
DA:121,0
DA:123,0
DA:128,0
DA:129,0
DA:130,0
DA:131,0
DA:132,0
DA:135,0
DA:138,0
DA:140,0
DA:141,0
DA:142,0
DA:143,0
DA:146,0
DA:150,0
DA:151,0
DA:154,0
DA:163,0
DA:164,0
DA:170,0
DA:179,0
DA:181,0
DA:182,0
DA:184,0
DA:189,0
DA:190,0
DA:191,0
DA:192,0
DA:193,0
DA:197,0
DA:198,0
DA:199,0
DA:200,0
DA:204,0
DA:205,0
DA:207,0
DA:212,0
DA:213,0
DA:214,0
DA:215,0
DA:216,0
DA:219,0
DA:220,0
DA:222,0
DA:224,0
LF:103
LH:0
BRDA:7,0,0,0
BRDA:7,1,0,0
BRDA:10,2,0,0
BRDA:10,2,1,0
BRDA:11,3,0,0
BRDA:11,3,1,0
BRDA:12,4,0,0
BRDA:12,4,1,0
BRDA:13,5,0,0
BRDA:13,5,1,0
BRDA:14,6,0,0
BRDA:14,6,1,0
BRDA:16,7,0,0
BRDA:16,7,1,0
BRDA:16,8,0,0
BRDA:16,8,1,0
BRDA:17,9,0,0
BRDA:17,9,1,0
BRDA:17,10,0,0
BRDA:17,10,1,0
BRDA:18,11,0,0
BRDA:18,11,1,0
BRDA:19,12,0,0
BRDA:19,12,1,0
BRDA:19,13,0,0
BRDA:19,13,1,0
BRDA:20,14,0,0
BRDA:20,14,1,0
BRDA:20,15,0,0
BRDA:20,15,1,0
BRDA:20,15,2,0
BRDA:23,16,0,0
BRDA:23,16,1,0
BRDA:23,17,0,0
BRDA:23,17,1,0
BRDA:24,18,0,0
BRDA:24,18,1,0
BRDA:24,19,0,0
BRDA:24,19,1,0
BRDA:25,20,0,0
BRDA:25,20,1,0
BRDA:25,21,0,0
BRDA:25,21,1,0
BRDA:25,21,2,0
BRDA:26,22,0,0
BRDA:26,22,1,0
BRDA:26,23,0,0
BRDA:26,23,1,0
BRDA:27,24,0,0
BRDA:27,24,1,0
BRDA:27,25,0,0
BRDA:27,25,1,0
BRDA:30,26,0,0
BRDA:30,26,1,0
BRDA:31,27,0,0
BRDA:31,27,1,0
BRDA:31,28,0,0
BRDA:31,28,1,0
BRDA:37,29,0,0
BRDA:37,29,1,0
BRDA:38,30,0,0
BRDA:38,30,1,0
BRDA:44,31,0,0
BRDA:44,31,1,0
BRDA:44,32,0,0
BRDA:44,32,1,0
BRDA:69,33,0,0
BRDA:69,33,1,0
BRDA:81,34,0,0
BRDA:81,34,1,0
BRDA:97,35,0,0
BRDA:97,35,1,0
BRDA:101,36,0,0
BRDA:101,36,1,0
BRDA:109,37,0,0
BRDA:109,37,1,0
BRDA:120,38,0,0
BRDA:120,38,1,0
BRDA:131,39,0,0
BRDA:131,39,1,0
BRDA:138,40,0,0
BRDA:138,40,1,0
BRDA:140,41,0,0
BRDA:140,41,1,0
BRDA:142,42,0,0
BRDA:142,42,1,0
BRDA:150,43,0,0
BRDA:150,43,1,0
BRDA:158,44,0,0
BRDA:158,44,1,0
BRDA:163,45,0,0
BRDA:163,45,1,0
BRDA:181,46,0,0
BRDA:181,46,1,0
BRDA:192,47,0,0
BRDA:192,47,1,0
BRDA:197,48,0,0
BRDA:197,48,1,0
BRDA:199,49,0,0
BRDA:199,49,1,0
BRDA:215,50,0,0
BRDA:215,50,1,0
BRF:102
BRH:0
end_of_record
TN:
SF:controllers\orderController.js
FN:7,(anonymous_0)
FN:12,(anonymous_1)
FN:19,(anonymous_2)
FN:42,(anonymous_3)
FN:47,(anonymous_4)
FN:60,(anonymous_5)
FN:79,(anonymous_6)
FN:120,(anonymous_7)
FN:128,(anonymous_8)
FN:130,(anonymous_9)
FN:166,(anonymous_10)
FN:171,(anonymous_11)
FN:184,(anonymous_12)
FN:186,(anonymous_13)
FN:190,(anonymous_14)
FN:194,(anonymous_15)
FN:235,(anonymous_16)
FN:238,(anonymous_17)
FN:242,(anonymous_18)
FN:243,(anonymous_19)
FN:252,(anonymous_20)
FN:258,(anonymous_21)
FN:261,(anonymous_22)
FN:263,(anonymous_23)
FN:264,(anonymous_24)
FN:272,(anonymous_25)
FN:276,(anonymous_26)
FN:278,(anonymous_27)
FN:286,(anonymous_28)
FN:294,(anonymous_29)
FN:341,(anonymous_30)
FN:356,(anonymous_31)
FN:366,(anonymous_32)
FN:434,(anonymous_33)
FN:565,(anonymous_34)
FN:570,(anonymous_35)
FN:630,(anonymous_36)
FN:635,(anonymous_37)
FN:636,(anonymous_38)
FN:663,(anonymous_39)
FN:752,(anonymous_40)
FN:820,(anonymous_41)
FN:823,(anonymous_42)
FN:826,(anonymous_43)
FN:936,(anonymous_44)
FN:961,(anonymous_45)
FN:967,(anonymous_46)
FN:968,(anonymous_47)
FN:970,(anonymous_48)
FN:980,(anonymous_49)
FN:1016,(anonymous_50)
FN:1050,(anonymous_51)
FN:1068,(anonymous_52)
FN:1074,(anonymous_53)
FN:1076,(anonymous_54)
FN:1099,(anonymous_55)
FN:1118,(anonymous_56)
FN:1127,(anonymous_57)
FN:1152,(anonymous_58)
FN:1191,(anonymous_59)
FN:1205,(anonymous_60)
FN:1211,(anonymous_61)
FN:1231,(anonymous_62)
FN:1231,(anonymous_63)
FN:1245,(anonymous_64)
FN:1260,(anonymous_65)
FN:1273,(anonymous_66)
FN:1274,(anonymous_67)
FN:1286,(anonymous_68)
FN:1312,(anonymous_69)
FN:1333,(anonymous_70)
FN:1347,(anonymous_71)
FN:1383,(anonymous_72)
FN:1413,(anonymous_73)
FN:1455,(anonymous_74)
FNF:75
FNH:15
FNDA:4,(anonymous_0)
FNDA:0,(anonymous_1)
FNDA:0,(anonymous_2)
FNDA:2,(anonymous_3)
FNDA:0,(anonymous_4)
FNDA:0,(anonymous_5)
FNDA:0,(anonymous_6)
FNDA:0,(anonymous_7)
FNDA:0,(anonymous_8)
FNDA:0,(anonymous_9)
FNDA:1,(anonymous_10)
FNDA:1,(anonymous_11)
FNDA:1,(anonymous_12)
FNDA:1,(anonymous_13)
FNDA:1,(anonymous_14)
FNDA:1,(anonymous_15)
FNDA:1,(anonymous_16)
FNDA:1,(anonymous_17)
FNDA:1,(anonymous_18)
FNDA:1,(anonymous_19)
FNDA:0,(anonymous_20)
FNDA:0,(anonymous_21)
FNDA:0,(anonymous_22)
FNDA:0,(anonymous_23)
FNDA:0,(anonymous_24)
FNDA:0,(anonymous_25)
FNDA:0,(anonymous_26)
FNDA:0,(anonymous_27)
FNDA:0,(anonymous_28)
FNDA:0,(anonymous_29)
FNDA:0,(anonymous_30)
FNDA:0,(anonymous_31)
FNDA:0,(anonymous_32)
FNDA:0,(anonymous_33)
FNDA:0,(anonymous_34)
FNDA:0,(anonymous_35)
FNDA:0,(anonymous_36)
FNDA:0,(anonymous_37)
FNDA:0,(anonymous_38)
FNDA:0,(anonymous_39)
FNDA:0,(anonymous_40)
FNDA:0,(anonymous_41)
FNDA:0,(anonymous_42)
FNDA:0,(anonymous_43)
FNDA:2,(anonymous_44)
FNDA:1,(anonymous_45)
FNDA:1,(anonymous_46)
FNDA:0,(anonymous_47)
FNDA:0,(anonymous_48)
FNDA:0,(anonymous_49)
FNDA:0,(anonymous_50)
FNDA:0,(anonymous_51)
FNDA:0,(anonymous_52)
FNDA:0,(anonymous_53)
FNDA:0,(anonymous_54)
FNDA:0,(anonymous_55)
FNDA:0,(anonymous_56)
FNDA:0,(anonymous_57)
FNDA:0,(anonymous_58)
FNDA:0,(anonymous_59)
FNDA:0,(anonymous_60)
FNDA:0,(anonymous_61)
FNDA:0,(anonymous_62)
FNDA:0,(anonymous_63)
FNDA:0,(anonymous_64)
FNDA:0,(anonymous_65)
FNDA:0,(anonymous_66)
FNDA:0,(anonymous_67)
FNDA:0,(anonymous_68)
FNDA:0,(anonymous_69)
FNDA:0,(anonymous_70)
FNDA:0,(anonymous_71)
FNDA:0,(anonymous_72)
FNDA:0,(anonymous_73)
FNDA:0,(anonymous_74)
DA:1,1
DA:2,1
DA:3,1
DA:4,1
DA:5,1
DA:7,1
DA:8,4
DA:9,4
DA:12,1
DA:13,0
DA:19,1
DA:20,0
DA:21,0
DA:29,0
DA:30,0
DA:42,1
DA:43,2
DA:44,2
DA:47,1
DA:48,0
DA:57,0
DA:60,1
DA:69,0
DA:70,0
DA:72,0
DA:73,0
DA:75,0
DA:76,0
DA:78,0
DA:79,0
DA:80,0
DA:86,0
DA:87,0
DA:88,0
DA:89,0
DA:90,0
DA:92,0
DA:93,0
DA:94,0
DA:96,0
DA:99,0
DA:120,0
DA:121,0
DA:122,0
DA:123,0
DA:124,0
DA:127,0
DA:129,0
DA:130,0
DA:133,0
DA:166,1
DA:167,1
DA:169,1
DA:170,1
DA:171,1
DA:172,1
DA:173,1
DA:174,1
DA:180,1
DA:183,1
DA:185,1
DA:186,1
DA:189,1
DA:190,1
DA:193,1
DA:194,1
DA:198,1
DA:235,1
DA:236,1
DA:238,1
DA:242,1
DA:244,1
DA:252,1
DA:253,0
DA:254,0
DA:255,0
DA:256,0
DA:258,0
DA:259,0
DA:262,0
DA:263,0
DA:264,0
DA:269,0
DA:272,0
DA:275,0
DA:276,0
DA:278,0
DA:279,0
DA:286,0
DA:287,0
DA:288,0
DA:290,0
DA:291,0
DA:294,0
DA:295,0
DA:296,0
DA:297,0
DA:299,0
DA:300,0
DA:301,0
DA:302,0
DA:303,0
DA:304,0
DA:305,0
DA:310,0
DA:311,0
DA:312,0
DA:313,0
DA:314,0
DA:316,0
DA:317,0
DA:319,0
DA:320,0
DA:330,0
DA:331,0
DA:332,0
DA:336,0
DA:341,0
DA:350,0
DA:352,0
DA:356,1
DA:357,0
DA:358,0
DA:359,0
DA:360,0
DA:362,0
DA:366,1
DA:367,0
DA:368,0
DA:369,0
DA:370,0
DA:371,0
DA:372,0
DA:373,0
DA:384,0
DA:387,0
DA:399,0
DA:400,0
DA:401,0
DA:407,0
DA:419,0
DA:423,0
DA:430,0
DA:431,0
DA:432,0
DA:434,0
DA:435,0
DA:436,0
DA:437,0
DA:438,0
DA:441,0
DA:442,0
DA:445,0
DA:446,0
DA:447,0
DA:450,0
DA:451,0
DA:452,0
DA:456,0
DA:462,0
DA:463,0
DA:464,0
DA:468,0
DA:474,0
DA:475,0
DA:480,0
DA:486,0
DA:490,0
DA:509,0
DA:510,0
DA:511,0
DA:512,0
DA:517,0
DA:518,0
DA:527,0
DA:542,0
DA:543,0
DA:544,0
DA:547,0
DA:550,0
DA:551,0
DA:552,0
DA:553,0
DA:554,0
DA:556,0
DA:559,0
DA:562,0
DA:563,0
DA:565,0
DA:566,0
DA:569,0
DA:570,0
DA:572,0
DA:575,0
DA:580,0
DA:585,0
DA:586,0
DA:589,0
DA:591,0
DA:612,0
DA:613,0
DA:615,0
DA:618,0
DA:619,0
DA:621,0
DA:622,0
DA:623,0
DA:630,0
DA:633,0
DA:635,0
DA:637,0
DA:638,0
DA:639,0
DA:640,0
DA:641,0
DA:642,0
DA:652,0
DA:658,0
DA:659,0
DA:663,0
DA:671,0
DA:672,0
DA:673,0
DA:676,0
DA:677,0
DA:678,0
DA:685,0
DA:688,0
DA:689,0
DA:690,0
DA:696,0
DA:697,0
DA:703,0
DA:705,0
DA:712,0
DA:713,0
DA:714,0
DA:722,0
DA:724,0
DA:729,0
DA:730,0
DA:731,0
DA:732,0
DA:733,0
DA:735,0
DA:739,0
DA:740,0
DA:746,0
DA:747,0
DA:748,0
DA:752,1
DA:753,0
DA:754,0
DA:755,0
DA:756,0
DA:757,0
DA:758,0
DA:759,0
DA:760,0
DA:761,0
DA:763,0
DA:764,0
DA:770,0
DA:777,0
DA:778,0
DA:785,0
DA:786,0
DA:787,0
DA:793,0
DA:795,0
DA:796,0
DA:802,0
DA:812,0
DA:813,0
DA:820,0
DA:822,0
DA:823,0
DA:825,0
DA:827,0
DA:828,0
DA:829,0
DA:830,0
DA:831,0
DA:832,0
DA:842,0
DA:849,0
DA:850,0
DA:856,0
DA:863,0
DA:865,0
DA:870,0
DA:871,0
DA:872,0
DA:878,0
DA:885,0
DA:887,0
DA:893,0
DA:894,0
DA:895,0
DA:896,0
DA:897,0
DA:898,0
DA:900,0
DA:908,0
DA:909,0
DA:910,0
DA:911,0
DA:914,0
DA:915,0
DA:918,0
DA:922,0
DA:926,0
DA:931,0
DA:932,0
DA:936,1
DA:937,2
DA:938,2
DA:939,2
DA:940,2
DA:941,2
DA:942,2
DA:943,2
DA:944,2
DA:945,2
DA:948,2
DA:950,2
DA:952,1
DA:957,1
DA:958,1
DA:961,1
DA:966,1
DA:968,1
DA:969,1
DA:970,1
DA:971,1
DA:973,1
DA:980,0
DA:986,1
DA:987,1
DA:994,0
DA:997,1
DA:1002,1
DA:1003,1
DA:1012,1
DA:1016,1
DA:1017,0
DA:1018,0
DA:1019,0
DA:1020,0
DA:1023,0
DA:1025,0
DA:1026,0
DA:1033,0
DA:1034,0
DA:1041,0
DA:1042,0
DA:1043,0
DA:1047,0
DA:1050,0
DA:1051,0
DA:1052,0
DA:1053,0
DA:1060,0
DA:1061,0
DA:1068,1
DA:1069,0
DA:1070,0
DA:1071,0
DA:1072,0
DA:1074,0
DA:1076,0
DA:1077,0
DA:1078,0
DA:1079,0
DA:1080,0
DA:1081,0
DA:1082,0
DA:1083,0
DA:1084,0
DA:1085,0
DA:1086,0
DA:1087,0
DA:1088,0
DA:1090,0
DA:1091,0
DA:1092,0
DA:1095,0
DA:1099,0
DA:1108,0
DA:1110,0
DA:1111,0
DA:1118,1
DA:1119,0
DA:1120,0
DA:1121,0
DA:1122,0
DA:1124,0
DA:1125,0
DA:1127,0
DA:1130,0
DA:1131,0
DA:1132,0
DA:1133,0
DA:1134,0
DA:1135,0
DA:1136,0
DA:1137,0
DA:1138,0
DA:1139,0
DA:1140,0
DA:1141,0
DA:1143,0
DA:1144,0
DA:1145,0
DA:1150,0
DA:1151,0
DA:1153,0
DA:1154,0
DA:1155,0
DA:1156,0
DA:1157,0
DA:1158,0
DA:1161,0
DA:1171,0
DA:1183,0
DA:1184,0
DA:1191,1
DA:1192,0
DA:1193,0
DA:1194,0
DA:1195,0
DA:1197,0
DA:1198,0
DA:1205,1
DA:1206,0
DA:1207,0
DA:1208,0
DA:1209,0
DA:1211,0
DA:1230,0
DA:1231,0
DA:1233,0
DA:1234,0
DA:1235,0
DA:1237,0
DA:1238,0
DA:1245,1
DA:1246,0
DA:1247,0
DA:1248,0
DA:1250,0
DA:1251,0
DA:1254,0
DA:1255,0
DA:1256,0
DA:1259,0
DA:1261,0
DA:1262,0
DA:1273,0
DA:1274,0
DA:1276,0
DA:1278,0
DA:1279,0
DA:1286,1
DA:1287,0
DA:1288,0
DA:1289,0
DA:1290,0
DA:1292,0
DA:1293,0
DA:1296,0
DA:1297,0
DA:1299,0
DA:1301,0
DA:1302,0
DA:1304,0
DA:1305,0
DA:1312,1
DA:1313,0
DA:1314,0
DA:1315,0
DA:1317,0
DA:1318,0
DA:1320,0
DA:1321,0
DA:1323,0
DA:1325,0
DA:1326,0
DA:1333,1
DA:1334,0
DA:1335,0
DA:1336,0
DA:1337,0
DA:1339,0
DA:1340,0
DA:1342,0
DA:1343,0
DA:1347,0
DA:1352,0
DA:1353,0
DA:1373,0
DA:1375,0
DA:1376,0
DA:1383,1
DA:1384,0
DA:1385,0
DA:1386,0
DA:1387,0
DA:1389,0
DA:1390,0
DA:1392,0
DA:1393,0
DA:1396,0
DA:1397,0
DA:1398,0
DA:1399,0
DA:1403,0
DA:1405,0
DA:1406,0
DA:1413,1
DA:1414,0
DA:1415,0
DA:1416,0
DA:1417,0
DA:1419,0
DA:1420,0
DA:1422,0
DA:1423,0
DA:1426,0
DA:1427,0
DA:1439,0
DA:1440,0
DA:1442,0
DA:1445,0
DA:1447,0
DA:1448,0
DA:1455,1
DA:1456,0
DA:1457,0
DA:1458,0
DA:1459,0
DA:1461,0
DA:1462,0
DA:1465,0
DA:1466,0
DA:1467,0
DA:1473,0
DA:1474,0
DA:1476,0
DA:1477,0
DA:1486,0
DA:1488,0
DA:1489,0
DA:1493,1
LF:554
LH:82
BRDA:8,0,0,0
BRDA:8,0,1,4
BRDA:9,1,0,4
BRDA:9,1,1,0
BRDA:13,2,0,0
BRDA:13,2,1,0
BRDA:13,2,2,0
BRDA:13,2,3,0
BRDA:13,2,4,0
BRDA:20,3,0,0
BRDA:20,3,1,0
BRDA:35,4,0,0
BRDA:35,4,1,0
BRDA:36,5,0,0
BRDA:36,5,1,0
BRDA:37,6,0,0
BRDA:37,6,1,0
BRDA:38,7,0,0
BRDA:38,7,1,0
BRDA:44,8,0,2
BRDA:44,8,1,0
BRDA:44,9,0,2
BRDA:44,9,1,2
BRDA:57,10,0,0
BRDA:57,10,1,0
BRDA:65,11,0,0
BRDA:66,12,0,0
BRDA:67,13,0,0
BRDA:70,14,0,0
BRDA:70,14,1,0
BRDA:73,15,0,0
BRDA:73,15,1,0
BRDA:76,16,0,0
BRDA:76,16,1,0
BRDA:79,17,0,0
BRDA:79,17,1,0
BRDA:86,18,0,0
BRDA:86,18,1,0
BRDA:87,19,0,0
BRDA:87,19,1,0
BRDA:88,20,0,0
BRDA:88,20,1,0
BRDA:90,21,0,0
BRDA:90,21,1,0
BRDA:92,22,0,0
BRDA:92,22,1,0
BRDA:93,23,0,0
BRDA:93,23,1,0
BRDA:94,24,0,0
BRDA:94,24,1,0
BRDA:106,25,0,0
BRDA:106,25,1,0
BRDA:107,26,0,0
BRDA:107,26,1,0
BRDA:114,27,0,0
BRDA:114,27,1,0
BRDA:121,28,0,0
BRDA:121,28,1,0
BRDA:122,29,0,0
BRDA:122,29,1,0
BRDA:130,30,0,0
BRDA:130,30,1,0
BRDA:130,31,0,0
BRDA:130,31,1,0
BRDA:136,32,0,0
BRDA:136,32,1,0
BRDA:144,33,0,0
BRDA:144,33,1,0
BRDA:145,34,0,0
BRDA:145,34,1,0
BRDA:146,35,0,0
BRDA:146,35,1,0
BRDA:146,36,0,0
BRDA:146,36,1,0
BRDA:147,37,0,0
BRDA:147,37,1,0
BRDA:148,38,0,0
BRDA:148,38,1,0
BRDA:152,39,0,0
BRDA:152,39,1,0
BRDA:153,40,0,0
BRDA:153,40,1,0
BRDA:154,41,0,0
BRDA:154,41,1,0
BRDA:155,42,0,0
BRDA:155,42,1,0
BRDA:156,43,0,0
BRDA:156,43,1,0
BRDA:167,44,0,0
BRDA:167,44,1,1
BRDA:169,45,0,1
BRDA:169,45,1,0
BRDA:171,46,0,1
BRDA:171,46,1,0
BRDA:172,47,0,1
BRDA:172,47,1,0
BRDA:173,48,0,1
BRDA:173,48,1,0
BRDA:178,49,0,1
BRDA:178,49,1,0
BRDA:186,50,0,1
BRDA:186,50,1,0
BRDA:186,51,0,1
BRDA:186,51,1,0
BRDA:190,52,0,1
BRDA:190,52,1,0
BRDA:194,53,0,1
BRDA:194,53,1,0
BRDA:201,54,0,0
BRDA:201,54,1,1
BRDA:207,55,0,1
BRDA:207,55,1,0
BRDA:208,56,0,1
BRDA:208,56,1,0
BRDA:208,56,2,0
BRDA:209,57,0,1
BRDA:209,57,1,0
BRDA:210,58,0,1
BRDA:210,58,1,0
BRDA:211,59,0,1
BRDA:211,59,1,0
BRDA:221,60,0,0
BRDA:221,60,1,1
BRDA:222,61,0,1
BRDA:222,61,1,0
BRDA:223,62,0,1
BRDA:223,62,1,0
BRDA:224,63,0,1
BRDA:224,63,1,1
BRDA:225,64,0,1
BRDA:225,64,1,1
BRDA:226,65,0,1
BRDA:226,65,1,1
BRDA:235,66,0,0
BRDA:240,67,0,1
BRDA:240,67,1,0
BRDA:242,68,0,1
BRDA:242,68,1,1
BRDA:255,69,0,0
BRDA:255,69,1,0
BRDA:262,70,0,0
BRDA:262,70,1,0
BRDA:264,71,0,0
BRDA:264,71,1,0
BRDA:264,71,2,0
BRDA:269,72,0,0
BRDA:269,72,1,0
BRDA:279,73,0,0
BRDA:279,73,1,0
BRDA:287,74,0,0
BRDA:287,74,1,0
BRDA:299,75,0,0
BRDA:299,75,1,0
BRDA:299,76,0,0
BRDA:299,76,1,0
BRDA:301,77,0,0
BRDA:301,77,1,0
BRDA:302,78,0,0
BRDA:302,78,1,0
BRDA:303,79,0,0
BRDA:303,79,1,0
BRDA:304,80,0,0
BRDA:304,80,1,0
BRDA:306,81,0,0
BRDA:306,81,1,0
BRDA:311,82,0,0
BRDA:311,82,1,0
BRDA:311,82,2,0
BRDA:312,83,0,0
BRDA:312,83,1,0
BRDA:312,83,2,0
BRDA:313,84,0,0
BRDA:313,84,1,0
BRDA:313,84,2,0
BRDA:314,85,0,0
BRDA:314,85,1,0
BRDA:314,85,2,0
BRDA:319,86,0,0
BRDA:319,86,1,0
BRDA:321,87,0,0
BRDA:321,87,1,0
BRDA:338,88,0,0
BRDA:338,88,1,0
BRDA:382,89,0,0
BRDA:383,90,0,0
BRDA:388,91,0,0
BRDA:388,91,1,0
BRDA:391,92,0,0
BRDA:391,92,1,0
BRDA:393,93,0,0
BRDA:393,93,1,0
BRDA:394,94,0,0
BRDA:394,94,1,0
BRDA:395,95,0,0
BRDA:395,95,1,0
BRDA:399,96,0,0
BRDA:399,96,1,0
BRDA:399,97,0,0
BRDA:399,97,1,0
BRDA:399,97,2,0
BRDA:407,98,0,0
BRDA:407,98,1,0
BRDA:408,99,0,0
BRDA:408,99,1,0
BRDA:408,99,2,0
BRDA:408,99,3,0
BRDA:408,99,4,0
BRDA:408,99,5,0
BRDA:408,99,6,0
BRDA:408,99,7,0
BRDA:408,99,8,0
BRDA:408,99,9,0
BRDA:436,100,0,0
BRDA:436,100,1,0
BRDA:437,101,0,0
BRDA:437,101,1,0
BRDA:442,102,0,0
BRDA:442,102,1,0
BRDA:451,103,0,0
BRDA:451,103,1,0
BRDA:463,104,0,0
BRDA:463,104,1,0
BRDA:474,105,0,0
BRDA:474,105,1,0
BRDA:492,106,0,0
BRDA:492,106,1,0
BRDA:493,107,0,0
BRDA:493,107,1,0
BRDA:493,107,2,0
BRDA:493,107,3,0
BRDA:498,108,0,0
BRDA:498,108,1,0
BRDA:499,109,0,0
BRDA:499,109,1,0
BRDA:500,110,0,0
BRDA:500,110,1,0
BRDA:501,111,0,0
BRDA:501,111,1,0
BRDA:503,112,0,0
BRDA:503,112,1,0
BRDA:505,113,0,0
BRDA:505,113,1,0
BRDA:512,114,0,0
BRDA:512,114,1,0
BRDA:528,115,0,0
BRDA:528,115,1,0
BRDA:533,116,0,0
BRDA:533,116,1,0
BRDA:539,117,0,0
BRDA:539,117,1,0
BRDA:552,118,0,0
BRDA:552,118,1,0
BRDA:553,119,0,0
BRDA:553,119,1,0
BRDA:569,120,0,0
BRDA:569,120,1,0
BRDA:570,121,0,0
BRDA:570,121,1,0
BRDA:572,122,0,0
BRDA:572,122,1,0
BRDA:575,123,0,0
BRDA:575,123,1,0
BRDA:576,124,0,0
BRDA:576,124,1,0
BRDA:580,125,0,0
BRDA:580,125,1,0
BRDA:581,126,0,0
BRDA:581,126,1,0
BRDA:582,127,0,0
BRDA:582,127,1,0
BRDA:584,128,0,0
BRDA:584,128,1,0
BRDA:585,129,0,0
BRDA:585,129,1,0
BRDA:592,130,0,0
BRDA:592,130,1,0
BRDA:594,131,0,0
BRDA:594,131,1,0
BRDA:601,132,0,0
BRDA:601,132,1,0
BRDA:602,133,0,0
BRDA:602,133,1,0
BRDA:606,134,0,0
BRDA:606,134,1,0
BRDA:609,135,0,0
BRDA:609,135,1,0
BRDA:621,136,0,0
BRDA:621,136,1,0
BRDA:622,137,0,0
BRDA:622,137,1,0
BRDA:639,138,0,0
BRDA:639,138,1,0
BRDA:641,139,0,0
BRDA:641,139,1,0
BRDA:658,140,0,0
BRDA:658,140,1,0
BRDA:677,141,0,0
BRDA:677,141,1,0
BRDA:677,142,0,0
BRDA:677,142,1,0
BRDA:688,143,0,0
BRDA:688,143,1,0
BRDA:688,144,0,0
BRDA:688,144,1,0
BRDA:763,145,0,0
BRDA:763,145,1,0
BRDA:777,146,0,0
BRDA:777,146,1,0
BRDA:786,147,0,0
BRDA:786,147,1,0
BRDA:793,148,0,0
BRDA:793,148,1,0
BRDA:795,149,0,0
BRDA:795,149,1,0
BRDA:803,150,0,0
BRDA:803,150,1,0
BRDA:807,151,0,0
BRDA:807,151,1,0
BRDA:808,152,0,0
BRDA:808,152,1,0
BRDA:812,153,0,0
BRDA:812,153,1,0
BRDA:823,154,0,0
BRDA:823,154,1,0
BRDA:829,155,0,0
BRDA:829,155,1,0
BRDA:831,156,0,0
BRDA:831,156,1,0
BRDA:870,157,0,0
BRDA:870,157,1,0
BRDA:870,158,0,0
BRDA:870,158,1,0
BRDA:880,159,0,0
BRDA:880,159,1,0
BRDA:908,160,0,0
BRDA:908,160,1,0
BRDA:910,161,0,0
BRDA:910,161,1,0
BRDA:943,162,0,2
BRDA:943,162,1,0
BRDA:954,163,0,1
BRDA:954,163,1,0
BRDA:957,164,0,1
BRDA:957,164,1,0
BRDA:960,165,0,1
BRDA:960,165,1,0
BRDA:969,166,0,0
BRDA:969,166,1,1
BRDA:971,167,0,0
BRDA:971,167,1,1
BRDA:1003,168,0,0
BRDA:1003,168,1,1
BRDA:1005,169,0,0
BRDA:1005,169,1,1
BRDA:1007,170,0,1
BRDA:1007,170,1,0
BRDA:1009,171,0,0
BRDA:1009,171,1,0
BRDA:1025,172,0,0
BRDA:1025,172,1,0
BRDA:1033,173,0,0
BRDA:1033,173,1,0
BRDA:1033,174,0,0
BRDA:1033,174,1,0
BRDA:1033,174,2,0
BRDA:1041,175,0,0
BRDA:1041,175,1,0
BRDA:1051,176,0,0
BRDA:1051,176,1,0
BRDA:1071,177,0,0
BRDA:1071,178,0,0
BRDA:1080,179,0,0
BRDA:1080,179,1,0
BRDA:1080,180,0,0
BRDA:1080,180,1,0
BRDA:1082,181,0,0
BRDA:1082,181,1,0
BRDA:1083,182,0,0
BRDA:1083,182,1,0
BRDA:1084,183,0,0
BRDA:1084,183,1,0
BRDA:1087,184,0,0
BRDA:1087,184,1,0
BRDA:1088,185,0,0
BRDA:1088,185,1,0
BRDA:1125,186,0,0
BRDA:1125,186,1,0
BRDA:1133,187,0,0
BRDA:1133,187,1,0
BRDA:1133,188,0,0
BRDA:1133,188,1,0
BRDA:1135,189,0,0
BRDA:1135,189,1,0
BRDA:1136,190,0,0
BRDA:1136,190,1,0
BRDA:1137,191,0,0
BRDA:1137,191,1,0
BRDA:1140,192,0,0
BRDA:1140,192,1,0
BRDA:1141,193,0,0
BRDA:1141,193,1,0
BRDA:1154,194,0,0
BRDA:1154,194,1,0
BRDA:1158,195,0,0
BRDA:1158,195,1,0
BRDA:1178,196,0,0
BRDA:1178,196,1,0
BRDA:1179,197,0,0
BRDA:1179,197,1,0
BRDA:1213,198,0,0
BRDA:1213,198,1,0
BRDA:1217,199,0,0
BRDA:1217,199,1,0
BRDA:1218,200,0,0
BRDA:1218,200,1,0
BRDA:1219,201,0,0
BRDA:1219,201,1,0
BRDA:1220,202,0,0
BRDA:1220,202,1,0
BRDA:1221,203,0,0
BRDA:1221,203,1,0
BRDA:1222,204,0,0
BRDA:1222,204,1,0
BRDA:1223,205,0,0
BRDA:1223,205,1,0
BRDA:1224,206,0,0
BRDA:1224,206,1,0
BRDA:1225,207,0,0
BRDA:1225,207,1,0
BRDA:1226,208,0,0
BRDA:1226,208,1,0
BRDA:1227,209,0,0
BRDA:1227,209,1,0
BRDA:1250,210,0,0
BRDA:1250,210,1,0
BRDA:1250,211,0,0
BRDA:1250,211,1,0
BRDA:1255,212,0,0
BRDA:1255,212,1,0
BRDA:1261,213,0,0
BRDA:1261,213,1,0
BRDA:1263,214,0,0
BRDA:1263,214,1,0
BRDA:1267,215,0,0
BRDA:1267,215,1,0
BRDA:1268,216,0,0
BRDA:1268,216,1,0
BRDA:1292,217,0,0
BRDA:1292,217,1,0
BRDA:1292,218,0,0
BRDA:1292,218,1,0
BRDA:1297,219,0,0
BRDA:1297,219,1,0
BRDA:1302,220,0,0
BRDA:1302,220,1,0
BRDA:1318,221,0,0
BRDA:1318,221,1,0
BRDA:1340,222,0,0
BRDA:1340,222,1,0
BRDA:1342,223,0,0
BRDA:1342,223,1,0
BRDA:1347,224,0,0
BRDA:1347,224,1,0
BRDA:1366,225,0,0
BRDA:1366,225,1,0
BRDA:1367,226,0,0
BRDA:1367,226,1,0
BRDA:1390,227,0,0
BRDA:1390,227,1,0
BRDA:1392,228,0,0
BRDA:1392,228,1,0
BRDA:1392,229,0,0
BRDA:1392,229,1,0
BRDA:1393,230,0,0
BRDA:1393,230,1,0
BRDA:1396,231,0,0
BRDA:1396,231,1,0
BRDA:1398,232,0,0
BRDA:1398,232,1,0
BRDA:1399,233,0,0
BRDA:1399,233,1,0
BRDA:1420,234,0,0
BRDA:1420,234,1,0
BRDA:1422,235,0,0
BRDA:1422,235,1,0
BRDA:1433,236,0,0
BRDA:1433,236,1,0
BRDA:1439,237,0,0
BRDA:1439,237,1,0
BRDA:1440,238,0,0
BRDA:1440,238,1,0
BRDA:1442,239,0,0
BRDA:1442,239,1,0
BRDA:1461,240,0,0
BRDA:1461,240,1,0
BRDA:1466,241,0,0
BRDA:1466,241,1,0
BRDA:1474,242,0,0
BRDA:1474,242,1,0
BRDA:1476,243,0,0
BRDA:1476,243,1,0
BRDA:1476,244,0,0
BRDA:1476,244,1,0
BRDA:1478,245,0,0
BRDA:1478,245,1,0
BRDA:1482,246,0,0
BRDA:1482,246,1,0
BRDA:1483,247,0,0
BRDA:1483,247,1,0
BRF:509
BRH:42
end_of_record
TN:
SF:controllers\paymentController.js
FN:1,(anonymous_0)
FN:12,(anonymous_1)
FN:25,(anonymous_2)
FN:52,(anonymous_3)
FN:171,(anonymous_4)
FN:217,(anonymous_5)
FN:247,(anonymous_6)
FN:258,(anonymous_7)
FN:299,(anonymous_8)
FN:311,(anonymous_9)
FN:322,(anonymous_10)
FNF:11
FNH:0
FNDA:0,(anonymous_0)
FNDA:0,(anonymous_1)
FNDA:0,(anonymous_2)
FNDA:0,(anonymous_3)
FNDA:0,(anonymous_4)
FNDA:0,(anonymous_5)
FNDA:0,(anonymous_6)
FNDA:0,(anonymous_7)
FNDA:0,(anonymous_8)
FNDA:0,(anonymous_9)
FNDA:0,(anonymous_10)
DA:1,0
DA:2,0
DA:3,0
DA:4,0
DA:5,0
DA:7,0
DA:8,0
DA:12,0
DA:13,0
DA:14,0
DA:15,0
DA:17,0
DA:18,0
DA:20,0
DA:21,0
DA:25,0
DA:26,0
DA:27,0
DA:28,0
DA:29,0
DA:30,0
DA:32,0
DA:34,0
DA:35,0
DA:41,0
DA:42,0
DA:45,0
DA:47,0
DA:48,0
DA:52,0
DA:53,0
DA:54,0
DA:55,0
DA:69,0
DA:71,0
DA:72,0
DA:79,0
DA:80,0
DA:81,0
DA:87,0
DA:97,0
DA:99,0
DA:100,0
DA:105,0
DA:106,0
DA:107,0
DA:110,0
DA:111,0
DA:116,0
DA:117,0
DA:118,0
DA:119,0
DA:122,0
DA:123,0
DA:128,0
DA:129,0
DA:130,0
DA:131,0
DA:134,0
DA:135,0
DA:138,0
DA:144,0
DA:145,0
DA:152,0
DA:153,0
DA:154,0
DA:157,0
DA:166,0
DA:167,0
DA:171,0
DA:172,0
DA:173,0
DA:174,0
DA:175,0
DA:177,0
DA:178,0
DA:184,0
DA:191,0
DA:192,0
DA:198,0
DA:200,0
DA:201,0
DA:207,0
DA:212,0
DA:213,0
DA:217,0
DA:218,0
DA:219,0
DA:220,0
DA:221,0
DA:223,0
DA:224,0
DA:230,0
DA:236,0
DA:242,0
DA:243,0
DA:247,0
DA:248,0
DA:249,0
DA:250,0
DA:251,0
DA:253,0
DA:254,0
DA:258,0
DA:259,0
DA:260,0
DA:261,0
DA:262,0
DA:263,0
DA:266,0
DA:267,0
DA:268,0
DA:269,0
DA:274,0
DA:275,0
DA:282,0
DA:284,0
DA:285,0
DA:291,0
DA:293,0
DA:294,0
DA:299,0
DA:300,0
DA:303,0
DA:304,0
DA:306,0
DA:307,0
DA:311,0
DA:312,0
DA:314,0
DA:315,0
DA:317,0
DA:318,0
DA:322,0
DA:323,0
DA:325,0
DA:326,0
DA:328,0
DA:329,0
DA:333,0
LF:140
LH:0
BRDA:34,0,0,0
BRDA:34,0,1,0
BRDA:41,1,0,0
BRDA:41,1,1,0
BRDA:41,2,0,0
BRDA:41,2,1,0
BRDA:60,3,0,0
BRDA:71,4,0,0
BRDA:71,4,1,0
BRDA:71,5,0,0
BRDA:71,5,1,0
BRDA:71,5,2,0
BRDA:80,6,0,0
BRDA:80,6,1,0
BRDA:80,7,0,0
BRDA:80,7,1,0
BRDA:97,8,0,0
BRDA:97,8,1,0
BRDA:97,8,2,0
BRDA:97,8,3,0
BRDA:97,8,4,0
BRDA:99,9,0,0
BRDA:99,9,1,0
BRDA:110,10,0,0
BRDA:110,10,1,0
BRDA:122,11,0,0
BRDA:122,11,1,0
BRDA:144,12,0,0
BRDA:144,12,1,0
BRDA:152,13,0,0
BRDA:152,13,1,0
BRDA:175,14,0,0
BRDA:177,15,0,0
BRDA:177,15,1,0
BRDA:191,16,0,0
BRDA:191,16,1,0
BRDA:200,17,0,0
BRDA:200,17,1,0
BRDA:221,18,0,0
BRDA:223,19,0,0
BRDA:223,19,1,0
BRDA:266,20,0,0
BRDA:266,20,1,0
BRDA:274,21,0,0
BRDA:274,21,1,0
BRDA:284,22,0,0
BRDA:284,22,1,0
BRF:47
BRH:0
end_of_record
TN:
SF:controllers\productController.js
FN:3,(anonymous_0)
FN:9,(anonymous_1)
FN:51,(anonymous_2)
FN:110,(anonymous_3)
FN:121,(anonymous_4)
FN:133,(anonymous_5)
FN:144,(anonymous_6)
FN:172,(anonymous_7)
FN:198,(anonymous_8)
FN:210,(anonymous_9)
FN:236,(anonymous_10)
FN:328,(anonymous_11)
FN:345,(anonymous_12)
FN:366,(anonymous_13)
FN:393,(anonymous_14)
FN:414,(anonymous_15)
FN:444,(anonymous_16)
FNF:17
FNH:0
FNDA:0,(anonymous_0)
FNDA:0,(anonymous_1)
FNDA:0,(anonymous_2)
FNDA:0,(anonymous_3)
FNDA:0,(anonymous_4)
FNDA:0,(anonymous_5)
FNDA:0,(anonymous_6)
FNDA:0,(anonymous_7)
FNDA:0,(anonymous_8)
FNDA:0,(anonymous_9)
FNDA:0,(anonymous_10)
FNDA:0,(anonymous_11)
FNDA:0,(anonymous_12)
FNDA:0,(anonymous_13)
FNDA:0,(anonymous_14)
FNDA:0,(anonymous_15)
FNDA:0,(anonymous_16)
DA:1,0
DA:3,0
DA:4,0
DA:5,0
DA:6,0
DA:9,0
DA:10,0
DA:11,0
DA:27,0
DA:30,0
DA:33,0
DA:51,0
DA:52,0
DA:53,0
DA:57,0
DA:58,0
DA:59,0
DA:60,0
DA:62,0
DA:63,0
DA:64,0
DA:65,0
DA:66,0
DA:67,0
DA:70,0
DA:74,0
DA:76,0
DA:79,0
DA:80,0
DA:89,0
DA:90,0
DA:91,0
DA:93,0
DA:105,0
DA:106,0
DA:110,0
DA:111,0
DA:112,0
DA:113,0
DA:114,0
DA:116,0
DA:117,0
DA:121,0
DA:122,0
DA:123,0
DA:124,0
DA:125,0
DA:126,0
DA:128,0
DA:129,0
DA:133,0
DA:134,0
DA:135,0
DA:136,0
DA:137,0
DA:139,0
DA:140,0
DA:144,0
DA:145,0
DA:146,0
DA:147,0
DA:149,0
DA:150,0
DA:156,0
DA:158,0
DA:167,0
DA:168,0
DA:172,0
DA:173,0
DA:174,0
DA:175,0
DA:178,0
DA:181,0
DA:182,0
DA:183,0
DA:188,0
DA:190,0
DA:191,0
DA:192,0
DA:198,0
DA:199,0
DA:202,0
DA:203,0
DA:205,0
DA:206,0
DA:210,0
DA:211,0
DA:212,0
DA:213,0
DA:215,0
DA:216,0
DA:221,0
DA:230,0
DA:232,0
DA:236,0
DA:237,0
DA:238,0
DA:239,0
DA:242,0
DA:243,0
DA:244,0
DA:247,0
DA:248,0
DA:249,0
DA:256,0
DA:257,0
DA:258,0
DA:263,0
DA:279,0
DA:280,0
DA:288,0
DA:289,0
DA:291,0
DA:292,0
DA:294,0
DA:295,0
DA:298,0
DA:303,0
DA:305,0
DA:307,0
DA:308,0
DA:309,0
DA:315,0
DA:316,0
DA:318,0
DA:319,0
DA:320,0
DA:328,0
DA:329,0
DA:330,0
DA:331,0
DA:333,0
DA:334,0
DA:339,0
DA:341,0
DA:345,0
DA:346,0
DA:347,0
DA:348,0
DA:350,0
DA:351,0
DA:355,0
DA:360,0
DA:362,0
DA:366,0
DA:367,0
DA:368,0
DA:369,0
DA:372,0
DA:373,0
DA:378,0
DA:380,0
DA:381,0
DA:386,0
DA:388,0
DA:389,0
DA:393,0
DA:394,0
DA:395,0
DA:396,0
DA:397,0
DA:399,0
DA:400,0
DA:406,0
DA:407,0
DA:414,0
DA:424,0
DA:426,0
DA:427,0
DA:433,0
DA:439,0
DA:440,0
DA:444,0
DA:445,0
DA:446,0
DA:447,0
DA:449,0
DA:450,0
DA:456,0
DA:458,0
DA:459,0
DA:465,0
DA:470,0
DA:471,0
DA:475,0
LF:185
LH:0
BRDA:4,0,0,0
BRDA:4,0,1,0
BRDA:5,1,0,0
BRDA:5,1,1,0
BRDA:24,2,0,0
BRDA:25,3,0,0
BRDA:38,4,0,0
BRDA:38,4,1,0
BRDA:39,5,0,0
BRDA:39,5,1,0
BRDA:40,6,0,0
BRDA:40,6,1,0
BRDA:52,7,0,0
BRDA:52,7,1,0
BRDA:52,8,0,0
BRDA:52,8,1,0
BRDA:58,9,0,0
BRDA:58,9,1,0
BRDA:65,10,0,0
BRDA:65,10,1,0
BRDA:74,11,0,0
BRDA:74,11,1,0
BRDA:79,12,0,0
BRDA:79,12,1,0
BRDA:79,13,0,0
BRDA:79,13,1,0
BRDA:124,14,0,0
BRDA:149,15,0,0
BRDA:149,15,1,0
BRDA:149,16,0,0
BRDA:149,16,1,0
BRDA:181,17,0,0
BRDA:181,17,1,0
BRDA:181,18,0,0
BRDA:181,18,1,0
BRDA:181,18,2,0
BRDA:190,19,0,0
BRDA:190,19,1,0
BRDA:215,20,0,0
BRDA:215,20,1,0
BRDA:215,21,0,0
BRDA:215,21,1,0
BRDA:215,21,2,0
BRDA:226,22,0,0
BRDA:226,22,1,0
BRDA:247,23,0,0
BRDA:247,23,1,0
BRDA:247,24,0,0
BRDA:247,24,1,0
BRDA:247,24,2,0
BRDA:257,25,0,0
BRDA:257,25,1,0
BRDA:257,26,0,0
BRDA:257,26,1,0
BRDA:257,26,2,0
BRDA:283,27,0,0
BRDA:283,27,1,0
BRDA:288,28,0,0
BRDA:288,28,1,0
BRDA:288,29,0,0
BRDA:288,29,1,0
BRDA:291,30,0,0
BRDA:291,30,1,0
BRDA:291,31,0,0
BRDA:291,31,1,0
BRDA:294,32,0,0
BRDA:294,32,1,0
BRDA:294,33,0,0
BRDA:294,33,1,0
BRDA:307,34,0,0
BRDA:307,34,1,0
BRDA:323,35,0,0
BRDA:323,35,1,0
BRDA:333,36,0,0
BRDA:333,36,1,0
BRDA:350,37,0,0
BRDA:350,37,1,0
BRDA:350,38,0,0
BRDA:350,38,1,0
BRDA:372,39,0,0
BRDA:372,39,1,0
BRDA:372,40,0,0
BRDA:372,40,1,0
BRDA:372,40,2,0
BRDA:380,41,0,0
BRDA:380,41,1,0
BRDA:380,42,0,0
BRDA:380,42,1,0
BRDA:399,43,0,0
BRDA:399,43,1,0
BRDA:399,44,0,0
BRDA:399,44,1,0
BRDA:399,44,2,0
BRDA:406,45,0,0
BRDA:406,45,1,0
BRDA:406,46,0,0
BRDA:406,46,1,0
BRDA:415,47,0,0
BRDA:415,47,1,0
BRDA:416,48,0,0
BRDA:416,48,1,0
BRDA:417,49,0,0
BRDA:417,49,1,0
BRDA:418,50,0,0
BRDA:418,50,1,0
BRDA:419,51,0,0
BRDA:419,51,1,0
BRDA:420,52,0,0
BRDA:420,52,1,0
BRDA:421,53,0,0
BRDA:421,53,1,0
BRDA:426,54,0,0
BRDA:426,54,1,0
BRDA:449,55,0,0
BRDA:449,55,1,0
BRDA:449,56,0,0
BRDA:449,56,1,0
BRDA:449,56,2,0
BRDA:458,57,0,0
BRDA:458,57,1,0
BRDA:467,58,0,0
BRDA:467,58,1,0
BRF:122
BRH:0
end_of_record
TN:
SF:controllers\questionController.js
FN:3,(anonymous_0)
FN:20,(anonymous_1)
FN:50,(anonymous_2)
FN:117,(anonymous_3)
FN:142,(anonymous_4)
FN:182,(anonymous_5)
FN:196,(anonymous_6)
FN:230,(anonymous_7)
FN:248,(anonymous_8)
FN:257,(anonymous_9)
FN:259,(anonymous_10)
FNF:11
FNH:0
FNDA:0,(anonymous_0)
FNDA:0,(anonymous_1)
FNDA:0,(anonymous_2)
FNDA:0,(anonymous_3)
FNDA:0,(anonymous_4)
FNDA:0,(anonymous_5)
FNDA:0,(anonymous_6)
FNDA:0,(anonymous_7)
FNDA:0,(anonymous_8)
FNDA:0,(anonymous_9)
FNDA:0,(anonymous_10)
DA:1,0
DA:3,0
DA:4,0
DA:5,0
DA:6,0
DA:8,0
DA:10,0
DA:15,0
DA:16,0
DA:20,0
DA:21,0
DA:22,0
DA:23,0
DA:24,0
DA:26,0
DA:27,0
DA:33,0
DA:39,0
DA:45,0
DA:46,0
DA:50,0
DA:51,0
DA:52,0
DA:53,0
DA:54,0
DA:55,0
DA:56,0
DA:57,0
DA:58,0
DA:60,0
DA:61,0
DA:68,0
DA:69,0
DA:71,0
DA:72,0
DA:73,0
DA:74,0
DA:75,0
DA:78,0
DA:79,0
DA:80,0
DA:81,0
DA:82,0
DA:90,0
DA:97,0
DA:99,0
DA:100,0
DA:106,0
DA:112,0
DA:113,0
DA:117,0
DA:118,0
DA:119,0
DA:120,0
DA:121,0
DA:123,0
DA:125,0
DA:126,0
DA:132,0
DA:137,0
DA:138,0
DA:142,0
DA:143,0
DA:144,0
DA:145,0
DA:148,0
DA:149,0
DA:150,0
DA:156,0
DA:157,0
DA:163,0
DA:165,0
DA:166,0
DA:172,0
DA:177,0
DA:178,0
DA:182,0
DA:183,0
DA:184,0
DA:185,0
DA:188,0
DA:189,0
DA:190,0
DA:196,0
DA:197,0
DA:198,0
DA:204,0
DA:205,0
DA:211,0
DA:213,0
DA:214,0
DA:220,0
DA:225,0
DA:226,0
DA:230,0
DA:231,0
DA:232,0
DA:233,0
DA:234,0
DA:236,0
DA:237,0
DA:244,0
DA:248,0
DA:251,0
DA:257,0
DA:258,0
DA:259,0
DA:261,0
DA:273,0
DA:278,0
DA:279,0
DA:283,0
LF:112
LH:0
BRDA:26,0,0,0
BRDA:26,0,1,0
BRDA:26,1,0,0
BRDA:26,1,1,0
BRDA:60,2,0,0
BRDA:60,2,1,0
BRDA:60,3,0,0
BRDA:60,3,1,0
BRDA:69,4,0,0
BRDA:69,4,1,0
BRDA:71,5,0,0
BRDA:71,5,1,0
BRDA:73,6,0,0
BRDA:73,6,1,0
BRDA:75,7,0,0
BRDA:75,7,1,0
BRDA:79,8,0,0
BRDA:79,8,1,0
BRDA:81,9,0,0
BRDA:81,9,1,0
BRDA:81,10,0,0
BRDA:81,10,1,0
BRDA:92,11,0,0
BRDA:92,11,1,0
BRDA:99,12,0,0
BRDA:99,12,1,0
BRDA:125,13,0,0
BRDA:125,13,1,0
BRDA:149,14,0,0
BRDA:149,14,1,0
BRDA:156,15,0,0
BRDA:156,15,1,0
BRDA:156,16,0,0
BRDA:156,16,1,0
BRDA:165,17,0,0
BRDA:165,17,1,0
BRDA:189,18,0,0
BRDA:189,18,1,0
BRDA:197,19,0,0
BRDA:197,19,1,0
BRDA:204,20,0,0
BRDA:204,20,1,0
BRDA:204,21,0,0
BRDA:204,21,1,0
BRDA:213,22,0,0
BRDA:213,22,1,0
BRDA:236,23,0,0
BRDA:236,23,1,0
BRDA:263,24,0,0
BRDA:263,24,1,0
BRF:50
BRH:0
end_of_record
TN:
SF:controllers\recommendationController.js
FN:9,(anonymous_0)
FN:22,(anonymous_1)
FN:25,(anonymous_2)
FN:27,(anonymous_3)
FN:51,(anonymous_4)
FN:75,(anonymous_5)
FN:101,(anonymous_6)
FN:127,(anonymous_7)
FNF:8
FNH:0
FNDA:0,(anonymous_0)
FNDA:0,(anonymous_1)
FNDA:0,(anonymous_2)
FNDA:0,(anonymous_3)
FNDA:0,(anonymous_4)
FNDA:0,(anonymous_5)
FNDA:0,(anonymous_6)
FNDA:0,(anonymous_7)
DA:1,0
DA:2,0
DA:4,0
DA:6,0
DA:9,0
DA:10,0
DA:11,0
DA:12,0
DA:14,0
DA:15,0
DA:19,0
DA:22,0
DA:23,0
DA:25,0
DA:26,0
DA:27,0
DA:29,0
DA:35,0
DA:40,0
DA:41,0
DA:51,0
DA:52,0
DA:53,0
DA:54,0
DA:57,0
DA:59,0
DA:64,0
DA:65,0
DA:75,0
DA:76,0
DA:77,0
DA:78,0
DA:80,0
DA:85,0
DA:90,0
DA:91,0
DA:101,0
DA:102,0
DA:103,0
DA:104,0
DA:106,0
DA:111,0
DA:116,0
DA:117,0
DA:127,0
DA:128,0
DA:129,0
DA:132,0
DA:134,0
DA:139,0
DA:140,0
LF:51
LH:0
BRDA:6,0,0,0
BRDA:6,0,1,0
BRDA:12,1,0,0
BRDA:12,1,1,0
BRDA:14,2,0,0
BRDA:14,2,1,0
BRDA:31,3,0,0
BRDA:31,3,1,0
BRDA:54,4,0,0
BRDA:54,4,1,0
BRDA:78,5,0,0
BRDA:78,5,1,0
BRDA:104,6,0,0
BRDA:104,6,1,0
BRDA:129,7,0,0
BRDA:129,7,1,0
BRF:16
BRH:0
end_of_record
TN:
SF:controllers\returnController.js
FN:4,(anonymous_0)
FN:14,(anonymous_1)
FN:62,(anonymous_2)
FN:75,(anonymous_3)
FN:102,(anonymous_4)
FN:193,(anonymous_5)
FN:239,(anonymous_6)
FN:284,(anonymous_7)
FN:295,(anonymous_8)
FN:341,(anonymous_9)
FN:373,(anonymous_10)
FN:400,(anonymous_11)
FN:457,(anonymous_12)
FNF:13
FNH:0
FNDA:0,(anonymous_0)
FNDA:0,(anonymous_1)
FNDA:0,(anonymous_2)
FNDA:0,(anonymous_3)
FNDA:0,(anonymous_4)
FNDA:0,(anonymous_5)
FNDA:0,(anonymous_6)
FNDA:0,(anonymous_7)
FNDA:0,(anonymous_8)
FNDA:0,(anonymous_9)
FNDA:0,(anonymous_10)
FNDA:0,(anonymous_11)
FNDA:0,(anonymous_12)
DA:1,0
DA:2,0
DA:4,0
DA:5,0
DA:6,0
DA:7,0
DA:8,0
DA:10,0
DA:13,0
DA:15,0
DA:17,0
DA:20,0
DA:24,0
DA:39,0
DA:43,0
DA:55,0
DA:57,0
DA:58,0
DA:62,0
DA:63,0
DA:64,0
DA:65,0
DA:67,0
DA:68,0
DA:70,0
DA:71,0
DA:75,0
DA:76,0
DA:77,0
DA:78,0
DA:79,0
DA:80,0
DA:82,0
DA:84,0
DA:85,0
DA:91,0
DA:92,0
DA:95,0
DA:97,0
DA:98,0
DA:102,0
DA:103,0
DA:104,0
DA:105,0
DA:114,0
DA:116,0
DA:117,0
DA:124,0
DA:125,0
DA:126,0
DA:132,0
DA:135,0
DA:136,0
DA:137,0
DA:138,0
DA:140,0
DA:161,0
DA:164,0
DA:165,0
DA:166,0
DA:168,0
DA:176,0
DA:178,0
DA:182,0
DA:188,0
DA:189,0
DA:193,0
DA:194,0
DA:195,0
DA:196,0
DA:197,0
DA:199,0
DA:200,0
DA:206,0
DA:213,0
DA:214,0
DA:220,0
DA:222,0
DA:223,0
DA:229,0
DA:234,0
DA:235,0
DA:239,0
DA:240,0
DA:241,0
DA:242,0
DA:243,0
DA:245,0
DA:246,0
DA:253,0
DA:254,0
DA:255,0
DA:261,0
DA:262,0
DA:268,0
DA:274,0
DA:279,0
DA:280,0
DA:284,0
DA:285,0
DA:286,0
DA:287,0
DA:288,0
DA:290,0
DA:291,0
DA:295,0
DA:296,0
DA:297,0
DA:298,0
DA:299,0
DA:300,0
DA:303,0
DA:304,0
DA:305,0
DA:310,0
DA:311,0
DA:318,0
DA:319,0
DA:321,0
DA:322,0
DA:326,0
DA:341,0
DA:342,0
DA:343,0
DA:344,0
DA:346,0
DA:347,0
DA:353,0
DA:355,0
DA:356,0
DA:358,0
DA:360,0
DA:365,0
DA:366,0
DA:373,0
DA:374,0
DA:375,0
DA:376,0
DA:378,0
DA:379,0
DA:385,0
DA:387,0
DA:392,0
DA:393,0
DA:400,0
DA:401,0
DA:402,0
DA:403,0
DA:404,0
DA:405,0
DA:407,0
DA:408,0
DA:414,0
DA:415,0
DA:421,0
DA:422,0
DA:428,0
DA:435,0
DA:436,0
DA:442,0
DA:449,0
DA:450,0
DA:457,0
DA:458,0
DA:459,0
DA:460,0
DA:462,0
DA:463,0
DA:469,0
DA:471,0
DA:476,0
DA:477,0
DA:481,0
LF:173
LH:0
BRDA:26,0,0,0
BRDA:26,0,1,0
BRDA:28,1,0,0
BRDA:28,1,1,0
BRDA:28,1,2,0
BRDA:29,2,0,0
BRDA:29,2,1,0
BRDA:29,2,2,0
BRDA:30,3,0,0
BRDA:30,3,1,0
BRDA:33,4,0,0
BRDA:33,4,1,0
BRDA:34,5,0,0
BRDA:34,5,1,0
BRDA:35,6,0,0
BRDA:35,6,1,0
BRDA:84,7,0,0
BRDA:84,7,1,0
BRDA:91,8,0,0
BRDA:91,8,1,0
BRDA:91,9,0,0
BRDA:91,9,1,0
BRDA:111,10,0,0
BRDA:116,11,0,0
BRDA:116,11,1,0
BRDA:116,12,0,0
BRDA:116,12,1,0
BRDA:116,12,2,0
BRDA:125,13,0,0
BRDA:125,13,1,0
BRDA:136,14,0,0
BRDA:136,14,1,0
BRDA:137,15,0,0
BRDA:137,15,1,0
BRDA:138,16,0,0
BRDA:138,16,1,0
BRDA:144,17,0,0
BRDA:144,17,1,0
BRDA:154,18,0,0
BRDA:154,18,1,0
BRDA:158,19,0,0
BRDA:158,19,1,0
BRDA:169,20,0,0
BRDA:169,20,1,0
BRDA:170,21,0,0
BRDA:170,21,1,0
BRDA:170,21,2,0
BRDA:199,22,0,0
BRDA:199,22,1,0
BRDA:213,23,0,0
BRDA:213,23,1,0
BRDA:222,24,0,0
BRDA:222,24,1,0
BRDA:243,25,0,0
BRDA:245,26,0,0
BRDA:245,26,1,0
BRDA:254,27,0,0
BRDA:254,27,1,0
BRDA:261,28,0,0
BRDA:261,28,1,0
BRDA:303,29,0,0
BRDA:303,29,1,0
BRDA:310,30,0,0
BRDA:310,30,1,0
BRDA:346,31,0,0
BRDA:346,31,1,0
BRDA:353,32,0,0
BRDA:353,33,0,0
BRDA:356,34,0,0
BRDA:356,34,1,0
BRDA:378,35,0,0
BRDA:378,35,1,0
BRDA:407,36,0,0
BRDA:407,36,1,0
BRDA:414,37,0,0
BRDA:414,37,1,0
BRDA:414,38,0,0
BRDA:414,38,1,0
BRDA:421,39,0,0
BRDA:421,39,1,0
BRDA:421,40,0,0
BRDA:421,40,1,0
BRDA:431,41,0,0
BRDA:431,41,1,0
BRDA:435,42,0,0
BRDA:435,42,1,0
BRDA:444,43,0,0
BRDA:444,43,1,0
BRDA:462,44,0,0
BRDA:462,44,1,0
BRF:90
BRH:0
end_of_record
TN:
SF:controllers\reviewController.js
FN:3,(anonymous_0)
FN:131,(anonymous_1)
FN:163,(anonymous_2)
FN:184,(anonymous_3)
FN:201,(anonymous_4)
FN:211,(anonymous_5)
FN:245,(anonymous_6)
FN:254,(anonymous_7)
FN:283,(anonymous_8)
FN:308,(anonymous_9)
FN:326,(anonymous_10)
FN:341,(anonymous_11)
FN:407,(anonymous_12)
FN:431,(anonymous_13)
FN:482,(anonymous_14)
FN:548,(anonymous_15)
FN:577,(anonymous_16)
FN:580,(anonymous_17)
FN:591,(anonymous_18)
FN:593,(anonymous_19)
FNF:20
FNH:0
[...]
BRDA:34,0,0,0
BRDA:34,0,1,0
BRDA:35,1,0,0
BRDA:35,1,1,0
BRDA:36,2,0,0
BRDA:36,2,1,0
BRDA:38,3,0,0
BRDA:38,3,1,0
BRDA:39,4,0,0
BRDA:39,4,1,0
BRDA:40,5,0,0
BRDA:40,5,1,0
BRDA:41,6,0,0
BRDA:41,6,1,0
BRDA:61,7,0,0
BRDA:67,8,0,0
BRDA:67,8,1,0
BRDA:71,9,0,0
BRDA:71,9,1,0
BRDA:75,10,0,0
BRDA:75,10,1,0
BRDA:77,11,0,0
BRDA:77,11,1,0
BRDA:79,12,0,0
BRDA:79,12,1,0
BRDA:81,13,0,0
BRDA:81,13,1,0
BRDA:81,14,0,0
BRDA:81,14,1,0
BRDA:99,15,0,0
BRDA:99,15,1,0
BRDA:104,16,0,0
BRDA:104,16,1,0
BRDA:112,17,0,0
BRDA:112,17,1,0
BRDA:116,18,0,0
BRDA:116,18,1,0
BRDA:122,19,0,0
BRDA:122,19,1,0
BRDA:133,20,0,0
BRDA:133,20,1,0
BRDA:167,21,0,0
BRDA:167,21,1,0
BRDA:168,22,0,0
BRDA:168,22,1,0
BRDA:175,23,0,0
BRDA:193,24,0,0
BRDA:196,25,0,0
BRDA:196,25,1,0
BRDA:200,26,0,0
BRDA:200,27,0,0
BRDA:253,28,0,0
BRDA:253,28,1,0
BRDA:255,29,0,0
BRDA:255,29,1,0
BRDA:255,30,0,0
BRDA:255,30,1,0
BRDA:255,30,2,0
BRDA:256,31,0,0
BRDA:256,31,1,0
BRDA:267,32,0,0
BRDA:267,33,0,0
BRDA:273,34,0,0
BRDA:273,34,1,0
BRDA:273,35,0,0
BRDA:273,35,1,0
BRDA:275,36,0,0
BRDA:275,36,1,0
BRDA:276,37,0,0
BRDA:276,37,1,0
BRDA:282,38,0,0
BRDA:282,38,1,0
BRDA:319,39,0,0
BRDA:319,40,0,0
BRDA:321,41,0,0
BRDA:321,41,1,0
BRDA:327,42,0,0
BRDA:327,42,1,0
BRDA:331,43,0,0
BRDA:331,43,1,0
BRDA:335,44,0,0
BRDA:335,44,1,0
BRDA:339,45,0,0
BRDA:339,45,1,0
BRDA:346,46,0,0
BRDA:346,46,1,0
BRDA:352,47,0,0
BRDA:352,47,1,0
BRDA:355,48,0,0
BRDA:355,48,1,0
BRDA:356,49,0,0
BRDA:356,49,1,0
BRDA:360,50,0,0
BRDA:360,50,1,0
BRF:94
BRH:0
end_of_record
TN:
SF:models\Review.js
FN:4,(anonymous_0)
FN:8,(anonymous_1)
FN:31,(anonymous_2)
FN:45,(anonymous_3)
FN:59,(anonymous_4)
FN:68,(anonymous_5)
FN:72,(anonymous_6)
FN:79,(anonymous_7)
FN:88,(anonymous_8)
FN:95,(anonymous_9)
FN:123,(anonymous_10)
FN:134,(anonymous_11)
FN:148,(anonymous_12)
FN:152,(anonymous_13)
FN:159,(anonymous_14)
FN:166,(anonymous_15)
FN:176,(anonymous_16)
FN:233,(anonymous_17)
FN:238,(anonymous_18)
FN:269,(anonymous_19)
FNF:20
FNH:0
FNDA:0,(anonymous_0)
FNDA:0,(anonymous_1)
FNDA:0,(anonymous_2)
FNDA:0,(anonymous_3)
FNDA:0,(anonymous_4)
FNDA:0,(anonymous_5)
FNDA:0,(anonymous_6)
FNDA:0,(anonymous_7)
FNDA:0,(anonymous_8)
FNDA:0,(anonymous_9)
FNDA:0,(anonymous_10)
FNDA:0,(anonymous_11)
FNDA:0,(anonymous_12)
FNDA:0,(anonymous_13)
FNDA:0,(anonymous_14)
FNDA:0,(anonymous_15)
FNDA:0,(anonymous_16)
FNDA:0,(anonymous_17)
FNDA:0,(anonymous_18)
FNDA:0,(anonymous_19)
DA:1,0
DA:5,0
DA:9,0
DA:27,0
DA:28,0
DA:32,0
DA:46,0
DA:60,0
DA:69,0
DA:73,0
DA:80,0
DA:89,0
DA:96,0
DA:110,0
DA:112,0
DA:113,0
DA:120,0
DA:121,0
DA:123,0
DA:124,0
DA:127,0
DA:136,0
DA:137,0
DA:149,0
DA:153,0
DA:160,0
DA:167,0
DA:178,0
DA:180,0
DA:183,0
DA:187,0
DA:189,0
DA:190,0
DA:201,0
DA:202,0
DA:204,0
DA:225,0
DA:227,0
DA:228,0
DA:229,0
DA:233,0
DA:238,0
DA:243,0
DA:246,0
DA:249,0
DA:266,0
DA:267,0
DA:269,0
DA:273,0
DA:277,0
LF:50
LH:0
BRDA:14,0,0,0
BRDA:14,0,1,0
BRDA:38,1,0,0
BRDA:38,1,1,0
BRDA:52,2,0,0
BRDA:52,2,1,0
BRDA:59,3,0,0
BRDA:59,4,0,0
BRDA:79,5,0,0
BRDA:79,6,0,0
BRDA:112,7,0,0
BRDA:112,7,1,0
BRDA:189,8,0,0
BRDA:189,8,1,0
BRDA:195,9,0,0
BRDA:195,9,1,0
BRDA:196,10,0,0
BRDA:196,10,1,0
BRDA:227,11,0,0
BRDA:227,11,1,0
BRDA:233,12,0,0
BRDA:233,12,1,0
BRDA:234,13,0,0
BRDA:234,13,1,0
BRDA:235,14,0,0
BRDA:235,14,1,0
BRDA:238,15,0,0
BRDA:238,15,1,0
BRDA:239,16,0,0
BRDA:239,16,1,0
BRDA:240,17,0,0
BRDA:240,17,1,0
BRDA:266,18,0,0
BRDA:266,18,1,0
BRF:34
BRH:0
end_of_record
TN:
SF:models\SellerProfile.js
FN:158,(anonymous_0)
FNF:1
FNH:0
FNDA:0,(anonymous_0)
DA:1,0
DA:3,0
DA:151,0
DA:152,0
DA:153,0
DA:154,0
DA:155,0
DA:158,0
DA:159,0
DA:161,0
DA:162,0
DA:163,0
DA:164,0
DA:165,0
DA:166,0
DA:167,0
DA:168,0
DA:170,0
DA:174,0
DA:177,0
DA:180,0
LF:21
LH:0
BRDA:161,0,0,0
BRDA:161,0,1,0
BRDA:161,1,0,0
BRDA:161,1,1,0
BRDA:161,1,2,0
BRDA:163,2,0,0
BRDA:163,2,1,0
BRDA:163,3,0,0
BRDA:163,3,1,0
BRDA:163,3,2,0
BRDA:165,4,0,0
BRDA:165,4,1,0
BRDA:165,5,0,0
BRDA:165,5,1,0
BRDA:165,5,2,0
BRDA:167,6,0,0
BRDA:167,6,1,0
BRDA:167,7,0,0
BRDA:167,7,1,0
BRDA:174,8,0,0
BRDA:174,8,1,0
BRDA:177,9,0,0
BRDA:177,9,1,0
BRDA:177,9,2,0
BRF:24
BRH:0
end_of_record
TN:
SF:models\StockAlert.js
FNF:0
FNH:0
DA:1,0
DA:3,0
DA:48,0
DA:49,0
DA:51,0
LF:5
LH:0
BRF:0
BRH:0
end_of_record
TN:
SF:models\StoreLocation.js
FN:9,(anonymous_0)
FN:14,(anonymous_1)
FN:28,(anonymous_2)
FN:73,(anonymous_3)
FN:85,(anonymous_4)
FN:95,(anonymous_5)
FN:116,(anonymous_6)
FN:132,(anonymous_7)
FN:139,(anonymous_8)
FN:178,(anonymous_9)
FN:207,(anonymous_10)
FN:224,(anonymous_11)
FN:239,(anonymous_12)
FN:250,(anonymous_13)
FNF:14
FNH:0
FNDA:0,(anonymous_0)
FNDA:0,(anonymous_1)
FNDA:0,(anonymous_2)
FNDA:0,(anonymous_3)
FNDA:0,(anonymous_4)
FNDA:0,(anonymous_5)
FNDA:0,(anonymous_6)
FNDA:0,(anonymous_7)
FNDA:0,(anonymous_8)
FNDA:0,(anonymous_9)
FNDA:0,(anonymous_10)
FNDA:0,(anonymous_11)
FNDA:0,(anonymous_12)
FNDA:0,(anonymous_13)
DA:1,0
DA:10,0
DA:11,0
DA:15,0
DA:16,0
DA:17,0
DA:18,0
DA:19,0
DA:21,0
DA:29,0
DA:66,0
DA:67,0
DA:74,0
DA:86,0
DA:96,0
DA:117,0
DA:118,0
DA:119,0
DA:122,0
DA:128,0
DA:129,0
DA:133,0
DA:140,0
DA:141,0
DA:148,0
DA:149,0
DA:156,0
DA:157,0
DA:165,0
DA:179,0
DA:181,0
DA:182,0
DA:189,0
DA:190,0
DA:193,0
DA:209,0
DA:215,0
DA:225,0
DA:240,0
DA:251,0
DA:261,0
LF:41
LH:0
BRDA:38,0,0,0
BRDA:38,0,1,0
BRDA:49,1,0,0
BRDA:49,1,1,0
BRDA:58,2,0,0
BRDA:58,2,1,0
BRDA:59,3,0,0
BRDA:59,3,1,0
BRDA:60,4,0,0
BRDA:60,4,1,0
BRDA:95,5,0,0
BRDA:140,6,0,0
BRDA:140,6,1,0
BRDA:148,7,0,0
BRDA:148,7,1,0
BRDA:156,8,0,0
BRDA:156,8,1,0
BRDA:181,9,0,0
BRDA:181,9,1,0
BRDA:181,10,0,0
BRDA:181,10,1,0
BRDA:250,11,0,0
BRF:22
BRH:0
end_of_record
TN:
SF:models\SupportTicket.js
FN:4,(anonymous_0)
FN:9,(anonymous_1)
FN:21,(anonymous_2)
FN:46,(anonymous_3)
FN:50,(anonymous_4)
FN:54,(anonymous_5)
FN:70,(anonymous_6)
FN:103,(anonymous_7)
FN:116,(anonymous_8)
FN:129,(anonymous_9)
FN:145,(anonymous_10)
FN:158,(anonymous_11)
FNF:12
FNH:0
FNDA:0,(anonymous_0)
FNDA:0,(anonymous_1)
FNDA:0,(anonymous_2)
FNDA:0,(anonymous_3)
FNDA:0,(anonymous_4)
FNDA:0,(anonymous_5)
FNDA:0,(anonymous_6)
FNDA:0,(anonymous_7)
FNDA:0,(anonymous_8)
FNDA:0,(anonymous_9)
FNDA:0,(anonymous_10)
FNDA:0,(anonymous_11)
DA:1,0
DA:5,0
DA:6,0
DA:10,0
DA:11,0
DA:12,0
DA:13,0
DA:14,0
DA:15,0
DA:17,0
DA:22,0
DA:42,0
DA:43,0
DA:47,0
DA:51,0
DA:55,0
DA:56,0
DA:57,0
DA:59,0
DA:66,0
DA:67,0
DA:78,0
DA:79,0
DA:81,0
DA:82,0
DA:83,0
DA:84,0
DA:85,0
DA:92,0
DA:99,0
DA:100,0
DA:104,0
DA:117,0
DA:130,0
DA:136,0
DA:146,0
DA:159,0
DA:170,0
DA:181,0
DA:185,0
LF:40
LH:0
BRDA:26,0,0,0
BRDA:26,0,1,0
BRDA:29,1,0,0
BRDA:29,1,1,0
BRDA:36,2,0,0
BRDA:36,2,1,0
BRDA:54,3,0,0
BRDA:55,4,0,0
BRDA:55,5,0,0
BRDA:57,6,0,0
BRDA:57,6,1,0
BRDA:70,7,0,0
BRDA:72,8,0,0
BRDA:73,9,0,0
BRDA:81,10,0,0
BRDA:81,10,1,0
BRDA:82,11,0,0
BRDA:82,11,1,0
BRDA:83,12,0,0
BRDA:83,12,1,0
BRDA:84,13,0,0
BRDA:84,13,1,0
BRDA:133,14,0,0
BRDA:133,14,1,0
BRF:24
BRH:0
end_of_record
TN:
SF:models\User.js
FN:4,(anonymous_0)
FN:9,(anonymous_1)
FN:20,(anonymous_2)
FN:24,(anonymous_3)
FN:28,(anonymous_4)
FN:32,(anonymous_5)
FN:58,(anonymous_6)
FN:73,(anonymous_7)
FN:86,(anonymous_8)
FN:101,(anonymous_9)
FN:114,(anonymous_10)
FN:121,(anonymous_11)
FN:152,(anonymous_12)
FN:161,(anonymous_13)
FN:201,(anonymous_14)
FN:268,(anonymous_15)
FNF:16
FNH:0
FNDA:0,(anonymous_0)
FNDA:0,(anonymous_1)
FNDA:0,(anonymous_2)
FNDA:0,(anonymous_3)
FNDA:0,(anonymous_4)
FNDA:0,(anonymous_5)
FNDA:0,(anonymous_6)
FNDA:0,(anonymous_7)
FNDA:0,(anonymous_8)
FNDA:0,(anonymous_9)
FNDA:0,(anonymous_10)
FNDA:0,(anonymous_11)
FNDA:0,(anonymous_12)
FNDA:0,(anonymous_13)
FNDA:0,(anonymous_14)
FNDA:0,(anonymous_15)
DA:1,0
DA:5,0
DA:6,0
DA:10,0
DA:11,0
DA:12,0
DA:13,0
DA:14,0
DA:16,0
DA:21,0
DA:25,0
DA:29,0
DA:33,0
DA:54,0
DA:55,0
DA:59,0
DA:60,0
DA:74,0
DA:87,0
DA:102,0
DA:115,0
DA:122,0
DA:123,0
DA:125,0
DA:126,0
DA:127,0
DA:128,0
DA:135,0
DA:142,0
DA:144,0
DA:153,0
DA:162,0
DA:173,0
DA:184,0
DA:185,0
DA:188,0
DA:192,0
DA:202,0
DA:265,0
DA:269,0
DA:270,0
DA:272,0
DA:273,0
DA:277,0
LF:44
LH:0
BRDA:35,0,0,0
BRDA:35,0,1,0
BRDA:36,1,0,0
BRDA:36,1,1,0
BRDA:42,2,0,0
BRDA:42,2,1,0
BRDA:43,3,0,0
BRDA:43,3,1,0
BRDA:44,4,0,0
BRDA:44,4,1,0
BRDA:45,5,0,0
BRDA:45,5,1,0
BRDA:121,6,0,0
BRDA:122,7,0,0
BRDA:122,8,0,0
BRDA:125,9,0,0
BRDA:125,9,1,0
BRDA:126,10,0,0
BRDA:126,10,1,0
BRDA:127,11,0,0
BRDA:127,11,1,0
BRDA:265,12,0,0
BRDA:265,12,1,0
BRDA:270,13,0,0
BRDA:270,13,1,0
BRDA:270,14,0,0
BRDA:270,14,1,0
BRDA:273,15,0,0
BRDA:273,15,1,0
BRF:29
BRH:0
end_of_record
TN:
SF:models\Vendor.js
FN:4,(anonymous_0)
FN:9,(anonymous_1)
FN:20,(anonymous_2)
FN:26,(anonymous_3)
FN:30,(anonymous_4)
FN:34,(anonymous_5)
FN:38,(anonymous_6)
FN:61,(anonymous_7)
FN:65,(anonymous_8)
FN:81,(anonymous_9)
FN:93,(anonymous_10)
FN:120,(anonymous_11)
FNF:12
FNH:0
FNDA:0,(anonymous_0)
FNDA:0,(anonymous_1)
FNDA:0,(anonymous_2)
FNDA:0,(anonymous_3)
FNDA:0,(anonymous_4)
FNDA:0,(anonymous_5)
FNDA:0,(anonymous_6)
FNDA:0,(anonymous_7)
FNDA:0,(anonymous_8)
FNDA:0,(anonymous_9)
FNDA:0,(anonymous_10)
FNDA:0,(anonymous_11)
DA:1,0
DA:5,0
DA:6,0
DA:10,0
DA:11,0
DA:12,0
DA:13,0
DA:14,0
DA:16,0
DA:21,0
DA:27,0
DA:31,0
DA:35,0
DA:38,0
DA:57,0
DA:58,0
DA:62,0
DA:64,0
DA:65,0
DA:66,0
DA:70,0
DA:82,0
DA:94,0
DA:96,0
DA:97,0
DA:100,0
DA:101,0
DA:103,0
DA:110,0
DA:112,0
DA:121,0
DA:122,0
DA:123,0
DA:124,0
DA:126,0
DA:135,0
LF:36
LH:0
BRDA:40,0,0,0
BRDA:40,0,1,0
BRDA:64,1,0,0
BRDA:64,1,1,0
BRDA:66,2,0,0
BRDA:66,2,1,0
BRDA:93,3,0,0
BRDA:96,4,0,0
BRDA:96,4,1,0
BRDA:100,5,0,0
BRDA:100,6,0,0
BRF:11
BRH:0
end_of_record
TN:
SF:models\VendorChat.js
FN:4,(anonymous_0)
FN:9,(anonymous_1)
FN:19,(anonymous_2)
FN:35,(anonymous_3)
FN:43,(anonymous_4)
FN:57,(anonymous_5)
FN:82,(anonymous_6)
FN:100,(anonymous_7)
FN:141,(anonymous_8)
FN:182,(anonymous_9)
FN:219,(anonymous_10)
FN:231,(anonymous_11)
FNF:12
FNH:0
FNDA:0,(anonymous_0)
FNDA:0,(anonymous_1)
FNDA:0,(anonymous_2)
FNDA:0,(anonymous_3)
FNDA:0,(anonymous_4)
FNDA:0,(anonymous_5)
FNDA:0,(anonymous_6)
FNDA:0,(anonymous_7)
FNDA:0,(anonymous_8)
FNDA:0,(anonymous_9)
FNDA:0,(anonymous_10)
FNDA:0,(anonymous_11)
DA:1,0
DA:5,0
DA:6,0
DA:10,0
DA:11,0
DA:12,0
DA:13,0
DA:15,0
DA:20,0
DA:31,0
DA:32,0
DA:36,0
DA:44,0
DA:46,0
DA:47,0
DA:54,0
DA:58,0
DA:68,0
DA:79,0
DA:84,0
DA:86,0
DA:101,0
DA:138,0
DA:142,0
DA:179,0
DA:183,0
DA:215,0
DA:216,0
DA:220,0
DA:232,0
DA:238,0
LF:31
LH:0
BRDA:23,0,0,0
BRDA:23,0,1,0
BRDA:43,1,0,0
BRDA:46,2,0,0
BRDA:46,2,1,0
BRDA:63,3,0,0
BRDA:63,3,1,0
BRDA:79,4,0,0
BRDA:79,4,1,0
BRDA:84,5,0,0
BRDA:84,5,1,0
BRDA:216,6,0,0
BRDA:216,6,1,0
BRF:13
BRH:0
end_of_record
TN:
SF:models\VendorOrder.js
FN:4,(anonymous_0)
FN:9,(anonymous_1)
FN:20,(anonymous_2)
FN:31,(anonymous_3)
FN:35,(anonymous_4)
FN:60,(anonymous_5)
FN:66,(anonymous_6)
FN:78,(anonymous_7)
FN:90,(anonymous_8)
FN:110,(anonymous_9)
FN:138,(anonymous_10)
FNF:11
FNH:0
FNDA:0,(anonymous_0)
FNDA:0,(anonymous_1)
FNDA:0,(anonymous_2)
FNDA:0,(anonymous_3)
FNDA:0,(anonymous_4)
FNDA:0,(anonymous_5)
FNDA:0,(anonymous_6)
FNDA:0,(anonymous_7)
FNDA:0,(anonymous_8)
FNDA:0,(anonymous_9)
FNDA:0,(anonymous_10)
DA:1,0
DA:5,0
DA:6,0
DA:10,0
DA:11,0
DA:12,0
DA:13,0
DA:14,0
DA:16,0
DA:21,0
DA:27,0
DA:28,0
DA:32,0
DA:36,0
DA:38,0
DA:39,0
DA:40,0
DA:43,0
DA:50,0
DA:52,0
DA:61,0
DA:67,0
DA:72,0
DA:79,0
DA:91,0
DA:104,0
DA:111,0
DA:112,0
DA:113,0
DA:115,0
DA:137,0
DA:138,0
DA:140,0
DA:141,0
DA:145,0
LF:35
LH:0
BRDA:35,0,0,0
BRDA:36,1,0,0
BRDA:36,2,0,0
BRDA:39,3,0,0
BRDA:39,3,1,0
BRDA:39,4,0,0
BRDA:39,4,1,0
BRDA:66,5,0,0
BRDA:138,6,0,0
BRDA:138,6,1,0
BRDA:140,7,0,0
BRDA:140,7,1,0
BRF:12
BRH:0
end_of_record
TN:
SF:models\VendorPayout.js
FN:4,(anonymous_0)
FN:9,(anonymous_1)
FN:20,(anonymous_2)
FN:39,(anonymous_3)
FN:58,(anonymous_4)
FN:62,(anonymous_5)
FN:69,(anonymous_6)
FN:82,(anonymous_7)
FN:96,(anonymous_8)
FN:108,(anonymous_9)
FN:119,(anonymous_10)
FNF:11
FNH:0
FNDA:0,(anonymous_0)
FNDA:0,(anonymous_1)
FNDA:0,(anonymous_2)
FNDA:0,(anonymous_3)
FNDA:0,(anonymous_4)
FNDA:0,(anonymous_5)
FNDA:0,(anonymous_6)
FNDA:0,(anonymous_7)
FNDA:0,(anonymous_8)
FNDA:0,(anonymous_9)
FNDA:0,(anonymous_10)
DA:1,0
DA:5,0
DA:6,0
DA:10,0
DA:11,0
DA:12,0
DA:13,0
DA:14,0
DA:16,0
DA:21,0
DA:35,0
DA:36,0
DA:40,0
DA:41,0
DA:42,0
DA:43,0
DA:46,0
DA:47,0
DA:48,0
DA:50,0
DA:55,0
DA:59,0
DA:63,0
DA:70,0
DA:83,0
DA:97,0
DA:109,0
DA:120,0
DA:130,0
LF:29
LH:0
BRDA:23,0,0,0
BRDA:23,0,1,0
BRDA:26,1,0,0
BRDA:26,1,1,0
BRDA:27,2,0,0
BRDA:27,2,1,0
BRDA:30,3,0,0
BRDA:30,3,1,0
BRDA:39,4,0,0
BRDA:41,5,0,0
BRDA:41,5,1,0
BRDA:42,6,0,0
BRDA:42,6,1,0
BRDA:46,7,0,0
BRDA:46,7,1,0
BRDA:47,8,0,0
BRDA:47,8,1,0
BRF:17
BRH:0
end_of_record
TN:
SF:models\Wishlist.js
FN:4,(anonymous_0)
FN:8,(anonymous_1)
FN:12,(anonymous_2)
FN:17,(anonymous_3)
FN:44,(anonymous_4)
FN:51,(anonymous_5)
FN:79,(anonymous_6)
FN:83,(anonymous_7)
FN:117,(anonymous_8)
FN:129,(anonymous_9)
FN:146,(anonymous_10)
FNF:11
FNH:0
FNDA:0,(anonymous_0)
FNDA:0,(anonymous_1)
FNDA:0,(anonymous_2)
FNDA:0,(anonymous_3)
FNDA:0,(anonymous_4)
FNDA:0,(anonymous_5)
FNDA:0,(anonymous_6)
FNDA:0,(anonymous_7)
FNDA:0,(anonymous_8)
FNDA:0,(anonymous_9)
FNDA:0,(anonymous_10)
DA:1,0
DA:5,0
DA:9,0
DA:13,0
DA:15,0
DA:17,0
DA:18,0
DA:22,0
DA:31,0
DA:41,0
DA:45,0
DA:52,0
DA:53,0
DA:54,0
DA:57,0
DA:60,0
DA:61,0
DA:62,0
DA:65,0
DA:76,0
DA:80,0
DA:84,0
DA:113,0
DA:114,0
DA:118,0
DA:126,0
DA:130,0
DA:142,0
DA:143,0
DA:147,0
DA:151,0
LF:31
LH:0
BRDA:15,0,0,0
BRDA:15,0,1,0
BRDA:17,1,0,0
BRDA:17,1,1,0
BRDA:53,2,0,0
BRDA:53,2,1,0
BRDA:61,3,0,0
BRDA:61,3,1,0
BRDA:114,4,0,0
BRDA:114,4,1,0
BRDA:143,5,0,0
BRDA:143,5,1,0
BRF:12
BRH:0
end_of_record
TN:
SF:utils\deliveryCalculator.js
FN:1,(anonymous_0)
FN:30,(anonymous_1)
FN:42,(anonymous_2)
FN:53,(anonymous_3)
FN:66,(anonymous_4)
FN:73,(anonymous_5)
FN:76,(anonymous_6)
FN:86,(anonymous_7)
FN:94,(anonymous_8)
FN:101,(anonymous_9)
FN:106,(anonymous_10)
FN:121,(anonymous_11)
FN:137,(anonymous_12)
FN:171,(anonymous_13)
FN:175,(anonymous_14)
FNF:15
FNH:15
FNDA:55,(anonymous_0)
FNDA:35,(anonymous_1)
FNDA:7,(anonymous_2)
FNDA:7,(anonymous_3)
FNDA:7,(anonymous_4)
FNDA:13,(anonymous_5)
FNDA:7,(anonymous_6)
FNDA:6,(anonymous_7)
FNDA:7,(anonymous_8)
FNDA:7,(anonymous_9)
FNDA:7,(anonymous_10)
FNDA:7,(anonymous_11)
FNDA:7,(anonymous_12)
FNDA:7,(anonymous_13)
FNDA:7,(anonymous_14)
DA:1,55
DA:3,2
DA:10,2
DA:17,2
DA:30,2
DA:31,35
DA:39,35
DA:42,2
DA:43,7
DA:44,7
DA:45,7
DA:53,2
DA:54,7
DA:55,7
DA:56,7
DA:57,7
DA:58,7
DA:60,7
DA:61,2
DA:62,2
DA:63,1
DA:66,7
DA:73,2
DA:74,13
DA:76,2
DA:77,7
DA:78,7
DA:86,2
DA:93,6
DA:94,6
DA:95,7
DA:96,7
DA:97,7
DA:98,7
DA:101,6
DA:102,7
DA:103,7
DA:104,7
DA:105,7
DA:106,7
DA:109,7
DA:110,7
DA:111,7
DA:116,7
DA:119,7
DA:120,7
DA:121,7
DA:122,7
DA:133,7
DA:136,7
DA:137,7
DA:140,7
DA:141,7
DA:144,7
DA:147,7
DA:148,7
DA:149,7
DA:153,7
DA:171,7
DA:175,7
DA:177,6
DA:184,2
LF:62
LH:62
BRDA:1,0,0,55
BRDA:1,0,1,29
BRDA:31,1,0,35
BRDA:31,1,1,1
BRDA:39,2,0,35
BRDA:39,2,1,27
BRDA:42,3,0,0
BRDA:42,4,0,0
BRDA:43,5,0,7
BRDA:43,5,1,2
BRDA:44,6,0,7
BRDA:44,6,1,7
BRDA:44,6,2,0
BRDA:46,7,0,7
BRDA:46,7,1,7
BRDA:46,7,2,6
BRDA:46,7,3,6
BRDA:46,7,4,0
BRDA:47,8,0,7
BRDA:47,8,1,7
BRDA:47,8,2,5
BRDA:47,8,3,2
BRDA:47,8,4,0
BRDA:48,9,0,7
BRDA:48,9,1,7
BRDA:48,9,2,2
BRDA:48,9,3,0
BRDA:49,10,0,7
BRDA:49,10,1,7
BRDA:49,10,2,2
BRDA:49,10,3,0
BRDA:53,11,0,0
BRDA:53,12,0,0
BRDA:53,13,0,7
BRDA:55,14,0,7
BRDA:55,14,1,1
BRDA:56,15,0,7
BRDA:56,15,1,6
BRDA:57,16,0,7
BRDA:57,16,1,6
BRDA:58,17,0,7
BRDA:58,17,1,5
BRDA:60,18,0,5
BRDA:60,18,1,2
BRDA:61,19,0,0
BRDA:61,19,1,2
BRDA:62,20,0,1
BRDA:62,20,1,1
BRDA:66,21,0,7
BRDA:66,21,1,0
BRDA:73,22,0,0
BRDA:74,23,0,0
BRDA:74,23,1,13
BRDA:76,24,0,0
BRDA:76,25,0,0
BRDA:77,26,0,7
BRDA:77,26,1,1
BRDA:79,27,0,7
BRDA:79,27,1,6
BRDA:79,27,2,0
BRDA:80,28,0,7
BRDA:80,28,1,7
BRDA:80,28,2,2
BRDA:81,29,0,7
BRDA:81,29,1,7
BRDA:81,29,2,2
BRDA:82,30,0,7
BRDA:82,30,1,7
BRDA:82,30,2,2
BRDA:86,31,0,0
BRDA:87,32,0,0
BRDA:88,33,0,1
BRDA:89,34,0,0
BRDA:90,35,0,1
BRDA:91,36,0,4
BRDA:95,37,0,7
BRDA:95,37,1,0
BRDA:96,38,0,7
BRDA:96,38,1,0
BRDA:102,39,0,7
BRDA:102,39,1,0
BRDA:103,40,0,7
BRDA:103,40,1,5
BRDA:104,41,0,7
BRDA:104,41,1,0
BRDA:104,41,2,0
BRDA:104,41,3,0
BRDA:104,41,4,0
BRDA:106,42,0,7
BRDA:106,42,1,0
BRDA:106,43,0,7
BRDA:106,43,1,0
BRDA:111,44,0,1
BRDA:111,44,1,6
BRDA:111,45,0,7
BRDA:111,45,1,1
BRDA:113,46,0,1
BRDA:113,46,1,5
BRDA:117,47,0,7
BRDA:117,47,1,6
BRDA:117,47,2,4
BRDA:117,48,0,6
BRDA:117,48,1,0
BRDA:119,49,0,1
BRDA:119,49,1,6
BRDA:119,50,0,6
BRDA:119,50,1,0
BRDA:120,51,0,7
BRDA:120,51,1,6
BRDA:120,51,2,3
BRDA:122,52,0,7
BRDA:122,52,1,7
BRDA:133,53,0,5
BRDA:133,53,1,2
BRDA:133,54,0,7
BRDA:133,54,1,6
BRDA:135,55,0,2
BRDA:135,55,1,1
BRDA:135,55,2,0
BRDA:137,56,0,7
BRDA:137,56,1,7
BRDA:137,57,0,7
BRDA:137,57,1,0
BRDA:140,58,0,7
BRDA:140,58,1,7
BRDA:141,59,0,7
BRDA:141,59,1,0
BRDA:141,60,0,7
BRDA:141,60,1,6
BRDA:143,61,0,0
BRDA:143,61,1,0
BRDA:144,62,0,0
BRDA:144,62,1,7
BRDA:144,63,0,7
BRDA:144,63,1,0
BRDA:145,64,0,0
BRDA:145,64,1,0
BRDA:147,65,0,1
BRDA:147,65,1,6
BRDA:147,66,0,1
BRDA:147,66,1,1
BRDA:148,67,0,1
BRDA:148,67,1,6
BRDA:148,68,0,6
BRDA:148,68,1,6
BRDA:149,69,0,1
BRDA:149,69,1,6
BRDA:154,70,0,0
BRDA:154,70,1,7
BRDA:169,71,0,7
BRDA:169,71,1,7
BRDA:169,71,2,5
BRDA:170,72,0,7
BRDA:170,72,1,7
BRDA:171,73,0,7
BRDA:171,73,1,0
BRDA:175,74,0,7
BRDA:175,74,1,1
BRF:158
BRH:117
end_of_record
TN:
SF:utils\performanceMonitor.js
FN:4,(anonymous_0)
FN:14,(anonymous_1)
FN:15,(anonymous_2)
FN:19,(anonymous_3)
FN:45,(anonymous_4)
FN:63,(anonymous_5)
FNF:6
FNH:0
FNDA:0,(anonymous_0)
FNDA:0,(anonymous_1)
FNDA:0,(anonymous_2)
FNDA:0,(anonymous_3)
FNDA:0,(anonymous_4)
FNDA:0,(anonymous_5)
DA:1,0
DA:5,0
DA:15,0
DA:16,0
DA:19,0
DA:20,0
DA:21,0
DA:22,0
DA:25,0
DA:26,0
DA:35,0
DA:36,0
DA:40,0
DA:46,0
DA:50,0
DA:64,0
DA:73,0
LF:17
LH:0
BRDA:25,0,0,0
BRDA:25,0,1,0
BRDA:35,1,0,0
BRDA:35,1,1,0
BRDA:46,2,0,0
BRDA:46,2,1,0
BRDA:53,3,0,0
BRDA:53,3,1,0
BRF:8
BRH:0
end_of_record
TN:
SF:utils\queryOptimizer.js
FN:14,batchLoad
FN:21,(anonymous_1)
FN:34,createBatchLoader
FN:38,load
FN:39,(anonymous_4)
FN:44,(anonymous_5)
FN:50,(anonymous_6)
FN:53,(anonymous_7)
FN:57,(anonymous_8)
FN:71,optimizePipeline
FN:85,addPagination
FN:100,logSlowQuery
FN:117,measureQuery
FNF:13
FNH:0
FNDA:0,batchLoad
FNDA:0,(anonymous_1)
FNDA:0,createBatchLoader
FNDA:0,load
FNDA:0,(anonymous_4)
FNDA:0,(anonymous_5)
FNDA:0,(anonymous_6)
FNDA:0,(anonymous_7)
FNDA:0,(anonymous_8)
FNDA:0,optimizePipeline
FNDA:0,addPagination
FNDA:0,logSlowQuery
FNDA:0,measureQuery
DA:1,0
DA:15,0
DA:17,0
DA:18,0
DA:20,0
DA:21,0
DA:22,0
DA:23,0
DA:26,0
DA:35,0
DA:36,0
DA:38,0
DA:39,0
DA:40,0
DA:42,0
DA:43,0
DA:44,0
DA:45,0
DA:46,0
DA:47,0
DA:49,0
DA:50,0
DA:51,0
DA:53,0
DA:54,0
DA:57,0
DA:72,0
DA:73,0
DA:75,0
DA:86,0
DA:87,0
DA:101,0
DA:102,0
DA:118,0
DA:119,0
DA:120,0
DA:121,0
DA:122,0
DA:123,0
DA:125,0
DA:126,0
DA:132,0
DA:136,0
LF:43
LH:0
BRDA:14,0,0,0
BRDA:15,1,0,0
BRDA:15,1,1,0
BRDA:15,2,0,0
BRDA:15,2,1,0
BRDA:22,3,0,0
BRDA:22,3,1,0
BRDA:42,4,0,0
BRDA:42,4,1,0
BRDA:72,5,0,0
BRDA:72,5,1,0
BRDA:85,6,0,0
BRDA:85,7,0,0
BRDA:100,8,0,0
BRDA:101,9,0,0
BRDA:101,9,1,0
BRF:16
BRH:0
end_of_record
TN:
SF:utils\vendorMarketingVoucher.js
FN:3,(anonymous_0)
FN:8,(anonymous_1)
FN:10,(anonymous_2)
FN:12,(anonymous_3)
FN:27,(anonymous_4)
FN:36,(anonymous_5)
FN:47,(anonymous_6)
FNF:7
FNH:7
FNDA:22,(anonymous_0)
FNDA:18,(anonymous_1)
FNDA:4,(anonymous_2)
FNDA:4,(anonymous_3)
FNDA:6,(anonymous_4)
FNDA:9,(anonymous_5)
FNDA:4,(anonymous_6)
DA:1,5
DA:3,5
DA:4,22
DA:5,19
DA:8,18
DA:10,5
DA:12,5
DA:13,4
DA:15,4
DA:16,4
DA:18,4
DA:27,5
DA:28,6
DA:29,0
DA:35,6
DA:36,9
DA:38,6
DA:39,2
DA:45,4
DA:47,4
DA:52,4
DA:53,0
DA:59,4
DA:60,1
DA:66,3
DA:67,3
DA:68,3
DA:70,0
DA:73,3
DA:75,3
DA:88,5
LF:31
LH:28
BRDA:4,0,0,3
BRDA:4,0,1,19
BRDA:5,1,0,19
BRDA:5,1,1,0
BRDA:8,2,0,18
BRDA:8,2,1,4
BRDA:13,3,0,0
BRDA:13,3,1,4
BRDA:13,4,0,4
BRDA:13,4,1,4
BRDA:27,5,0,0
BRDA:28,6,0,0
BRDA:28,6,1,6
BRDA:36,7,0,6
BRDA:36,7,1,0
BRDA:38,8,0,2
BRDA:38,8,1,4
BRDA:47,9,0,4
BRDA:47,9,1,0
BRDA:47,10,0,4
BRDA:47,10,1,0
BRDA:52,11,0,0
BRDA:52,11,1,4
BRDA:52,12,0,4
BRDA:52,12,1,3
BRDA:52,13,0,3
BRDA:52,13,1,0
BRDA:55,14,0,0
BRDA:55,14,1,0
BRDA:59,15,0,1
BRDA:59,15,1,3
BRDA:59,16,0,4
BRDA:59,16,1,3
BRDA:59,17,0,3
BRDA:59,17,1,2
BRDA:59,18,0,3
BRDA:59,18,1,0
BRDA:67,19,0,3
BRDA:67,19,1,0
BRDA:68,20,0,3
BRDA:68,20,1,0
BRDA:70,21,0,0
BRDA:70,21,1,0
BRDA:83,22,0,0
BRDA:83,22,1,3
BRF:45
BRH:28
end_of_record
